Last run: 2026-04-18T11:04:46+00:00
=== EVEZ CI QUICK CHECKS ===
Timestamp: 2026-04-18T11:07:57+00:00

✓ evez-os
✓ evez-vcl
✓ evez-sim
✓ evez666-arg-canon
✓ evez-agentnet
✓ evez-platform
✓ nexus
✓ evez-autonomous-ledger
✓ maes
✓ lord-evez
✓ agentvault
✓ Evez666

Results: 12 passed, 0 failed
=== END ===
=== EVEZ CI QUICK CHECKS ===
Timestamp: 2026-04-18T11:17:48+00:00

✓ evez-os
✓ evez-vcl
✓ evez-sim
✓ evez666-arg-canon
✓ evez-agentnet
✓ evez-platform
✓ nexus
✓ evez-autonomous-ledger
✓ maes
✓ lord-evez
✓ agentvault
✓ Evez666

Results: 12 passed, 0 failed
=== END ===
=== EVEZ CI QUICK CHECKS ===
Timestamp: 2026-04-18T11:37:17+00:00

✓ evez-os
✓ evez-vcl
✓ evez-sim
✓ evez666-arg-canon
✓ evez-agentnet
✓ evez-platform
✓ nexus
✓ evez-autonomous-ledger
✓ maes
✓ lord-evez
✓ agentvault
✓ Evez666

Results: 12 passed, 0 failed
=== END ===
=== EVEZ CI QUICK CHECKS ===
Timestamp: 2026-04-18T13:37:40+00:00

✓ evez-os
✓ evez-vcl
✓ evez-sim
✓ evez666-arg-canon
✓ evez-agentnet
✓ evez-platform
✓ nexus
✓ evez-autonomous-ledger
✓ maes
✓ lord-evez
✓ agentvault
✓ Evez666

Results: 12 passed, 0 failed
=== END ===
