[02:11:59] === FACTORY CYCLE 1 ===
[02:11:59] 📥 Pulling updates...
[02:12:01]   ↑ Updated: nexus
[02:12:02]   ↑ Updated: evez666-arg-canon
[02:12:03]   Updated: 2 repos
[02:12:03] 🔍 Analyzing code...
[02:12:04]   Files: 942, Lines: 240030
[02:12:04] 🧪 Running tests...
[02:12:04]   Tested: 13 repos
[02:12:04] ⚡ Quantum integration...
[02:12:04]   Status: executed
[02:12:04] 🧠 Updating EVEZ-X...
[02:12:04] === CYCLE 1 COMPLETE ===

{
  "cycle": 1,
  "timestamp": "2026-04-25T02:12:04.263343",
  "updates": {
    "updated": [
      "nexus",
      "evez666-arg-canon"
    ],
    "count": 2
  },
  "analysis": {
    "total_files": 942,
    "total_lines": 240030,
    "languages": {
      ".py": 761,
      ".js": 24,
      ".ts": 121,
      ".html": 36
    }
  },
  "tests": {
    "tests": [
      {
        "repo": "evez-os",
        "test_files": 3,
        "status": "tests_found"
      },
      {
        "repo": "evez-agentnet",
        "test_files": 1,
        "status": "tests_found"
      },
      {
        "repo": "evez-platform",
        "test_files": 1,
        "status": "tests_found"
      },
      {
        "repo": "evez-vcl",
        "test_files": 1,
        "status": "tests_found"
      },
      {
        "repo": "nexus",
        "test_files": 1,
        "status": "tests_found"
      },
      {
        "repo": "Evez666",
        "test_files": 3,
        "status": "tests_found"
      },
      {
        "repo": "evez-autonomous-ledger",
        "test_files": 1,
        "status": "tests_found"
      },
      {
        "repo": "evez666-arg-canon",
        "test_files": 1,
        "status": "tests_found"
      },
      {
        "repo": "lord-evez",
        "test_files": 1,
        "status": "tests_found"
      },
      {
        "repo": "agentvault",
        "test_files": 1,
        "status": "tests_found"
      },
      {
        "repo": "evez-sim",
        "test_files": 0,
        "status": "no_tests"
      },
      {
        "repo": "metarom",
        "test_files": 1,
        "status": "tests_found"
      },
      {
        "repo": "maes",
        "test_files": 0,
        "status": "no_tests"
      }
    ],
    "repos_tested": 13
  },
  "quantum": {
    "quantum_status": "executed"
  }
}
