Revenue Tracker cron job completed at Sun Apr 26 05:27:24 UTC 2026
[2026-04-26T14:39:52Z] Revenue Tracker: Projected=,800,000, Actual(earnings)=sh.00, Actual(sum)=0.04, Alerts: Revenue drop >10%, Circuits stale
[2026-04-28 17:09:49 UTC] Revenue Tracker Run: actual=10.04, projected=1800000, alert=Revenue dropped 99.99944% (actual 10.040000000000001 vs projected 1800000/day)
Revenue tracker completed at Tue Apr 28 20:23:15 UTC 2026
[2026-04-30 07:19:18 UTC] Revenue Tracker Run: actual=10.04, projected=1800000, alert=Revenue dropped 99.99944% (actual 10.040000000000001 vs projected 1800000/day)
[Thursday, April 30th, 2026 - 09:18 AM (UTC)] Revenue tracker run. Actual: $10.04, Projected: $1,800,000/day, Alerts: 1
[Thursday, April 30th, 2026 - 09:19 AM (UTC)] Revenue tracker run. Actual: $0.00, Projected: $1,800,000/day, Alerts: 2
-e 
---
2026-05-01 04:45:10 UTC
Revenue Tracker Report - Friday, May 01, 2026 - 04:45 UTC
==================================================
Actual Revenue: $0
Projected Revenue: $1800000/day
Achievement: 0%
Circuits Status: 0 of 7 circuits running (7 down).

ALERTS:
  [WARNING] 7 of 7 revenue circuits are not running.

---
2026-05-01 04:46:21 UTC
Revenue Tracker Report - Friday, May 01, 2026 - 04:46 UTC
==================================================
Actual Revenue: $0
Projected Revenue: $1800000/day
Achievement: 0%
Circuits Status: 0\(\%\) of 7 circuits running (7 down).

ALERTS:
  [CRITICAL] Real revenue: $0 (per earnings.json) vs Projected revenue: $1800000/day. Revenue drop: 100.0% (exceeds 10% alert threshold).
  [WARNING] 7 of 7 revenue circuits are not running.
2026-05-01 05:43:29 - Report generated. Actual: $10.04, Projected: $1,800,000/day, Drop: 100.0%
[Friday, May 01th, 2026 - 06:22 AM (UTC)] Revenue tracker run. Actual: $0.00, Projected: $1,800,000/day, Alerts: 2
[2026-05-01 08:12:05 UTC] Revenue Tracker Run:
Projected daily revenue: ,800,000
