=== 2026-04-18T17:49:08+00:00 ===
GHZ-3 GHZ-4 GHZ-5 VAR-3 VAR-4
=== EVEZ WEALTH ACQUISITION ===

💰 Scraping deals...
   Found 8 deals
₿ Running crypto arbitrage...
   Found 5 opportunities: $55370.68
🔍 Scanning loopholes...
   Found 10 loopholes
🎯 Hunting acquisitions...
   Found 5 targets

=== TOTALS ===
Income streams: 11
Cron jobs: 4
Total earnings: $5733233.68
[17:49:09] === FACTORY CYCLE 1 ===
[17:49:09] 📥 Pulling updates...
[17:49:12]   Updated: 0 repos
[17:49:12] 🔍 Analyzing code...
[17:49:12]   Files: 860, Lines: 233356
[17:49:12] 🧪 Running tests...
[17:49:12]   Tested: 13 repos
[17:49:12] ⚡ Quantum integration...
[17:49:13]   Status: executed
[17:49:13] 🧠 Updating EVEZ-X...
[17:49:13] === CYCLE 1 COMPLETE ===

{
  "cycle": 1,
  "timestamp": "2026-04-18T17:49:13.097711",
  "updates": {
    "updated": [],
    "count": 0
  },
  "analysis": {
    "total_files": 860,
    "total_lines": 233356,
    "languages": {
      ".py": 688,
      ".js": 24,
      ".ts": 121,
      ".html": 27
    }
  },
  "tests": {
    "tests": [
      {
        "repo": "evez-os",
        "test_files": 3,
        "status": "tests_found"
      },
      {
        "repo": "evez-agentnet",
        "test_files": 1,
        "status": "tests_found"
      },
      {
        "repo": "evez-platform",
        "test_files": 0,
        "status": "no_tests"
      },
      {
        "repo": "evez-vcl",
        "test_files": 0,
        "status": "no_tests"
      },
      {
        "repo": "nexus",
        "test_files": 0,
        "status": "no_tests"
      },
      {
        "repo": "Evez666",
        "test_files": 3,
        "status": "tests_found"
      },
      {
        "repo": "evez-autonomous-ledger",
        "test_files": 1,
        "status": "tests_found"
      },
      {
        "repo": "evez666-arg-canon",
        "test_files": 1,
        "status": "tests_found"
      },
      {
        "repo": "lord-evez",
        "test_files": 0,
        "status": "no_tests"
      },
      {
        "repo": "agentvault",
        "test_files": 0,
        "status": "no_tests"
      },
      {
        "repo": "evez-sim",
        "test_files": 0,
        "status": "no_tests"
      },
      {
        "repo": "metarom",
        "test_files": 0,
        "status": "no_tests"
      },
      {
        "repo": "maes",
        "test_files": 0,
        "status": "no_tests"
      }
    ],
    "repos_tested": 13
  },
  "quantum": {
    "quantum_status": "executed"
  }
}
=== COMPLETE ===
=== 2026-04-18T17:53:48+00:00 ===
GHZ-3 GHZ-4 GHZ-5 VAR-3 VAR-4
=== EVEZ WEALTH ACQUISITION ===

💰 Scraping deals...
   Found 8 deals
₿ Running crypto arbitrage...
   Found 5 opportunities: $20947.44
🔍 Scanning loopholes...
   Found 10 loopholes
🎯 Hunting acquisitions...
   Found 5 targets

=== TOTALS ===
Income streams: 11
Cron jobs: 4
Total earnings: $3761291.44
[17:53:49] === FACTORY CYCLE 1 ===
[17:53:49] 📥 Pulling updates...
[17:53:52]   Updated: 0 repos
[17:53:52] 🔍 Analyzing code...
[17:53:53]   Files: 860, Lines: 233356
[17:53:53] 🧪 Running tests...
[17:53:53]   Tested: 13 repos
[17:53:53] ⚡ Quantum integration...
[17:53:53]   Status: executed
[17:53:53] 🧠 Updating EVEZ-X...
[17:53:53] === CYCLE 1 COMPLETE ===

{
  "cycle": 1,
  "timestamp": "2026-04-18T17:53:53.593949",
  "updates": {
    "updated": [],
    "count": 0
  },
  "analysis": {
    "total_files": 860,
    "total_lines": 233356,
    "languages": {
      ".py": 688,
      ".js": 24,
      ".ts": 121,
      ".html": 27
    }
  },
  "tests": {
    "tests": [
      {
        "repo": "evez-os",
        "test_files": 3,
        "status": "tests_found"
      },
      {
        "repo": "evez-agentnet",
        "test_files": 1,
        "status": "tests_found"
      },
      {
        "repo": "evez-platform",
        "test_files": 0,
        "status": "no_tests"
      },
      {
        "repo": "evez-vcl",
        "test_files": 0,
        "status": "no_tests"
      },
      {
        "repo": "nexus",
        "test_files": 0,
        "status": "no_tests"
      },
      {
        "repo": "Evez666",
        "test_files": 3,
        "status": "tests_found"
      },
      {
        "repo": "evez-autonomous-ledger",
        "test_files": 1,
        "status": "tests_found"
      },
      {
        "repo": "evez666-arg-canon",
        "test_files": 1,
        "status": "tests_found"
      },
      {
        "repo": "lord-evez",
        "test_files": 0,
        "status": "no_tests"
      },
      {
        "repo": "agentvault",
        "test_files": 0,
        "status": "no_tests"
      },
      {
        "repo": "evez-sim",
        "test_files": 0,
        "status": "no_tests"
      },
      {
        "repo": "metarom",
        "test_files": 0,
        "status": "no_tests"
      },
      {
        "repo": "maes",
        "test_files": 0,
        "status": "no_tests"
      }
    ],
    "repos_tested": 13
  },
  "quantum": {
    "quantum_status": "executed"
  }
}
=== COMPLETE ===
=== 2026-04-18T17:54:29+00:00 ===
GHZ-3 GHZ-4 GHZ-5 VAR-3 VAR-4
=== EVEZ WEALTH ACQUISITION ===

💰 Scraping deals...
   Found 8 deals
₿ Running crypto arbitrage...
   Found 5 opportunities: $62504.87
🔍 Scanning loopholes...
   Found 10 loopholes
🎯 Hunting acquisitions...
   Found 5 targets

=== TOTALS ===
Income streams: 11
Cron jobs: 4
Total earnings: $1107544.87
[17:54:30] === FACTORY CYCLE 1 ===
[17:54:30] 📥 Pulling updates...
[17:54:34]   Updated: 0 repos
[17:54:34] 🔍 Analyzing code...
[17:54:34]   Files: 860, Lines: 233356
[17:54:34] 🧪 Running tests...
[17:54:34]   Tested: 13 repos
[17:54:34] ⚡ Quantum integration...
[17:54:35]   Status: executed
[17:54:35] 🧠 Updating EVEZ-X...
[17:54:35] === CYCLE 1 COMPLETE ===

{
  "cycle": 1,
  "timestamp": "2026-04-18T17:54:35.122591",
  "updates": {
    "updated": [],
    "count": 0
  },
  "analysis": {
    "total_files": 860,
    "total_lines": 233356,
    "languages": {
      ".py": 688,
      ".js": 24,
      ".ts": 121,
      ".html": 27
    }
  },
  "tests": {
    "tests": [
      {
        "repo": "evez-os",
        "test_files": 3,
        "status": "tests_found"
      },
      {
        "repo": "evez-agentnet",
        "test_files": 1,
        "status": "tests_found"
      },
      {
        "repo": "evez-platform",
        "test_files": 0,
        "status": "no_tests"
      },
      {
        "repo": "evez-vcl",
        "test_files": 0,
        "status": "no_tests"
      },
      {
        "repo": "nexus",
        "test_files": 0,
        "status": "no_tests"
      },
      {
        "repo": "Evez666",
        "test_files": 3,
        "status": "tests_found"
      },
      {
        "repo": "evez-autonomous-ledger",
        "test_files": 1,
        "status": "tests_found"
      },
      {
        "repo": "evez666-arg-canon",
        "test_files": 1,
        "status": "tests_found"
      },
      {
        "repo": "lord-evez",
        "test_files": 0,
        "status": "no_tests"
      },
      {
        "repo": "agentvault",
        "test_files": 0,
        "status": "no_tests"
      },
      {
        "repo": "evez-sim",
        "test_files": 0,
        "status": "no_tests"
      },
      {
        "repo": "metarom",
        "test_files": 0,
        "status": "no_tests"
      },
      {
        "repo": "maes",
        "test_files": 0,
        "status": "no_tests"
      }
    ],
    "repos_tested": 13
  },
  "quantum": {
    "quantum_status": "executed"
  }
}
=== COMPLETE ===
