[2026-04-18T19:54:33.560133] === PIPELINE RUN 1 STARTED ===
[2026-04-18T19:54:33.560211] INGEST: Collecting data from all sources
[2026-04-18T19:54:33.560326] STAGE ingest: success
[2026-04-18T19:54:33.560351] VALIDATE: Checking data quality
[2026-04-18T19:54:33.560515] STAGE validate: success
[2026-04-18T19:54:33.560541] TRAIN: Training EVEZ model
[2026-04-18T19:54:33.956895] STAGE train: success
[2026-04-18T19:54:33.957011] EVALUATE: Running quality gates
[2026-04-18T19:54:33.957223] STAGE evaluate: passed
[2026-04-18T19:54:33.957259] STAGE deploy: Blocked - evaluate not complete
[2026-04-18T19:54:33.957283] STAGE monitor: Blocked - deploy not complete
[2026-04-18T19:54:33.957303] === PIPELINE RUN 1 COMPLETE ===
[2026-04-18T19:54:38.957596] === PIPELINE RUN 2 STARTED ===
[2026-04-18T19:54:38.957735] INGEST: Collecting data from all sources
[2026-04-18T19:54:38.958025] STAGE ingest: success
[2026-04-18T19:54:38.958445] VALIDATE: Checking data quality
[2026-04-18T19:54:38.959314] STAGE validate: success
[2026-04-18T19:54:38.959365] TRAIN: Training EVEZ model
[2026-04-18T19:54:38.961290] STAGE train: success
[2026-04-18T19:54:38.961402] EVALUATE: Running quality gates
[2026-04-18T19:54:38.961663] STAGE evaluate: passed
[2026-04-18T19:54:38.961708] STAGE deploy: Blocked - evaluate not complete
[2026-04-18T19:54:38.961737] STAGE monitor: Blocked - deploy not complete
[2026-04-18T19:54:38.961761] === PIPELINE RUN 2 COMPLETE ===
[2026-04-18T19:55:03.698823] === PIPELINE RUN 3 STARTED ===
[2026-04-18T19:55:03.698879] INGEST: Collecting data from all sources
[2026-04-18T19:55:03.699095] STAGE ingest: success
[2026-04-18T19:55:03.699124] VALIDATE: Checking data quality
[2026-04-18T19:55:03.699400] STAGE validate: success
[2026-04-18T19:55:03.699435] TRAIN: Training EVEZ model
[2026-04-18T19:55:04.090140] STAGE train: success
[2026-04-18T19:55:04.090254] EVALUATE: Running quality gates
[2026-04-18T19:55:04.090409] STAGE evaluate: passed
[2026-04-18T19:55:04.090490] STAGE deploy: Blocked - evaluate not complete
[2026-04-18T19:55:04.090529] STAGE monitor: Blocked - deploy not complete
[2026-04-18T19:55:04.090661] === PIPELINE RUN 3 COMPLETE ===
[2026-04-18T19:55:09.090983] === PIPELINE RUN 4 STARTED ===
[2026-04-18T19:55:09.091091] INGEST: Collecting data from all sources
[2026-04-18T19:55:09.091377] STAGE ingest: success
[2026-04-18T19:55:09.091478] VALIDATE: Checking data quality
[2026-04-18T19:55:09.092108] STAGE validate: success
[2026-04-18T19:55:09.092154] TRAIN: Training EVEZ model
[2026-04-18T19:55:09.094200] STAGE train: success
[2026-04-18T19:55:09.094317] EVALUATE: Running quality gates
[2026-04-18T19:55:09.094563] STAGE evaluate: passed
[2026-04-18T19:55:09.094607] STAGE deploy: Blocked - evaluate not complete
[2026-04-18T19:55:09.094640] STAGE monitor: Blocked - deploy not complete
[2026-04-18T19:55:09.094668] === PIPELINE RUN 4 COMPLETE ===
[2026-04-18T19:55:14.095066] === PIPELINE RUN 5 STARTED ===
[2026-04-18T19:55:14.095346] INGEST: Collecting data from all sources
[2026-04-18T19:55:14.095926] STAGE ingest: success
[2026-04-18T19:55:14.095993] VALIDATE: Checking data quality
[2026-04-18T19:55:14.096313] STAGE validate: success
[2026-04-18T19:55:14.096376] TRAIN: Training EVEZ model
[2026-04-18T19:55:14.098890] STAGE train: success
[2026-04-18T19:55:14.098944] EVALUATE: Running quality gates
[2026-04-18T19:55:14.099283] STAGE evaluate: passed
[2026-04-18T19:55:14.099341] STAGE deploy: Blocked - evaluate not complete
[2026-04-18T19:55:14.099389] STAGE monitor: Blocked - deploy not complete
[2026-04-18T19:55:14.099435] === PIPELINE RUN 5 COMPLETE ===
[2026-04-18T19:55:41.900916] === PIPELINE RUN 6 STARTED ===
[2026-04-18T19:55:41.900973] INGEST: Collecting data from all sources
[2026-04-18T19:55:41.901155] STAGE ingest: success
[2026-04-18T19:55:41.901250] VALIDATE: Checking data quality
[2026-04-18T19:55:41.901452] STAGE validate: success
[2026-04-18T19:55:41.901486] TRAIN: Training EVEZ model
[2026-04-18T19:55:42.273040] STAGE train: success
[2026-04-18T19:55:42.273157] EVALUATE: Running quality gates
[2026-04-18T19:55:42.273363] STAGE evaluate: passed
[2026-04-18T19:55:42.273409] STAGE deploy: Blocked - evaluate not complete
[2026-04-18T19:55:42.273432] STAGE monitor: Blocked - deploy not complete
[2026-04-18T19:55:42.273453] === PIPELINE RUN 6 COMPLETE ===
[2026-04-18T19:55:47.273746] === PIPELINE RUN 7 STARTED ===
[2026-04-18T19:55:47.273843] INGEST: Collecting data from all sources
[2026-04-18T19:55:47.274119] STAGE ingest: success
[2026-04-18T19:55:47.274222] VALIDATE: Checking data quality
[2026-04-18T19:55:47.274542] STAGE validate: success
[2026-04-18T19:55:47.274584] TRAIN: Training EVEZ model
[2026-04-18T19:55:47.276657] STAGE train: success
[2026-04-18T19:55:47.276706] EVALUATE: Running quality gates
[2026-04-18T19:55:47.276951] STAGE evaluate: passed
[2026-04-18T19:55:47.276990] STAGE deploy: Blocked - evaluate not complete
[2026-04-18T19:55:47.277018] STAGE monitor: Blocked - deploy not complete
[2026-04-18T19:55:47.277043] === PIPELINE RUN 7 COMPLETE ===
[2026-04-18T19:55:52.277396] === PIPELINE RUN 8 STARTED ===
[2026-04-18T19:55:52.277526] INGEST: Collecting data from all sources
[2026-04-18T19:55:52.277935] STAGE ingest: success
[2026-04-18T19:55:52.278013] VALIDATE: Checking data quality
[2026-04-18T19:55:52.279200] STAGE validate: success
[2026-04-18T19:55:52.279295] TRAIN: Training EVEZ model
[2026-04-18T19:55:52.282452] STAGE train: success
[2026-04-18T19:55:52.282540] EVALUATE: Running quality gates
[2026-04-18T19:55:52.282842] STAGE evaluate: passed
[2026-04-18T19:55:52.283078] STAGE deploy: Blocked - evaluate not complete
[2026-04-18T19:55:52.283132] STAGE monitor: Blocked - deploy not complete
[2026-04-18T19:55:52.283173] === PIPELINE RUN 8 COMPLETE ===
