[2026-04-18T19:54:43.639520] ROUTE: summarize this email -> nano (conf=0.85)
[2026-04-18T19:54:43.639733] ROUTE: analyze this code fo -> medium (conf=0.85)
[2026-04-18T19:54:43.641952] ROUTE: write a complex pyth -> nano (conf=0.85)
[2026-04-18T19:54:43.645997] ROUTE: simple search query -> nano (conf=0.85)
[2026-04-18T19:54:43.646278] ROUTE: debug this python co -> medium (conf=0.85)
[2026-04-18T19:54:43.646550] ROUTE: reason about this ph -> nano (conf=0.85)
[2026-04-18T19:54:43.646839] ROUTE: translate this text -> nano (conf=0.85)
[2026-04-18T19:55:01.312790] ROUTE: summarize this email -> nano (conf=0.85)
[2026-04-18T19:55:01.313166] ROUTE: analyze this code fo -> medium (conf=0.85)
[2026-04-18T19:55:01.313493] ROUTE: write a complex pyth -> nano (conf=0.85)
[2026-04-18T19:55:01.313814] ROUTE: simple search query -> nano (conf=0.85)
[2026-04-18T19:55:01.314161] ROUTE: debug this python co -> medium (conf=0.85)
[2026-04-18T19:55:01.314479] ROUTE: reason about this ph -> nano (conf=0.85)
[2026-04-18T19:55:01.314810] ROUTE: translate this text -> nano (conf=0.85)
[2026-04-18T19:55:41.884029] ROUTE: summarize this email -> nano (conf=0.85)
[2026-04-18T19:55:41.890492] ROUTE: analyze this code fo -> medium (conf=0.85)
[2026-04-18T19:55:41.890905] ROUTE: write a complex pyth -> nano (conf=0.85)
[2026-04-18T19:55:41.891241] ROUTE: simple search query -> nano (conf=0.85)
[2026-04-18T19:55:41.894138] ROUTE: debug this python co -> medium (conf=0.85)
[2026-04-18T19:55:41.894545] ROUTE: reason about this ph -> nano (conf=0.85)
[2026-04-18T19:55:41.894956] ROUTE: translate this text -> nano (conf=0.85)
