[2026-04-18T19:55:22.943427] SCHEDULE: age_days=0, threshold=7, trigger=False
[2026-04-18T19:55:22.943507] DRIFT: score=0.02, threshold=0.1, trigger=False
[2026-04-18T19:55:22.943533] PERFORMANCE: accuracy=0.95, threshold=0.85, trigger=False
[2026-04-18T19:55:22.943554] DATA_VOLUME: new=500, threshold=1000, trigger=False
[2026-04-18T19:55:22.943580] DECISION: WAIT - no triggers fired
[2026-04-18T19:55:25.946184] SCHEDULE: age_days=0, threshold=7, trigger=False
[2026-04-18T19:55:25.946285] DRIFT: score=0.02, threshold=0.1, trigger=False
[2026-04-18T19:55:25.946326] PERFORMANCE: accuracy=0.95, threshold=0.85, trigger=False
[2026-04-18T19:55:25.946362] DATA_VOLUME: new=500, threshold=1000, trigger=False
[2026-04-18T19:55:25.946408] DECISION: WAIT - no triggers fired
[2026-04-18T19:55:28.946710] SCHEDULE: age_days=0, threshold=7, trigger=False
[2026-04-18T19:55:28.946812] DRIFT: score=0.02, threshold=0.1, trigger=False
[2026-04-18T19:55:28.946862] PERFORMANCE: accuracy=0.95, threshold=0.85, trigger=False
[2026-04-18T19:55:28.946890] DATA_VOLUME: new=500, threshold=1000, trigger=False
[2026-04-18T19:55:28.946963] DECISION: WAIT - no triggers fired
[2026-04-18T19:55:31.947264] SCHEDULE: age_days=0, threshold=7, trigger=False
[2026-04-18T19:55:31.947344] DRIFT: score=0.02, threshold=0.1, trigger=False
[2026-04-18T19:55:31.947370] PERFORMANCE: accuracy=0.95, threshold=0.85, trigger=False
[2026-04-18T19:55:31.947391] DATA_VOLUME: new=500, threshold=1000, trigger=False
[2026-04-18T19:55:31.947418] DECISION: WAIT - no triggers fired
[2026-04-18T19:55:34.947831] SCHEDULE: age_days=0, threshold=7, trigger=False
[2026-04-18T19:55:34.947954] DRIFT: score=0.02, threshold=0.1, trigger=False
[2026-04-18T19:55:34.948008] PERFORMANCE: accuracy=0.95, threshold=0.85, trigger=False
[2026-04-18T19:55:34.948054] DATA_VOLUME: new=500, threshold=1000, trigger=False
[2026-04-18T19:55:34.948110] DECISION: WAIT - no triggers fired
[2026-04-18T19:55:41.899608] SCHEDULE: age_days=0, threshold=7, trigger=False
[2026-04-18T19:55:41.899661] DRIFT: score=0.02, threshold=0.1, trigger=False
[2026-04-18T19:55:41.899686] PERFORMANCE: accuracy=0.95, threshold=0.85, trigger=False
[2026-04-18T19:55:41.899707] DATA_VOLUME: new=500, threshold=1000, trigger=False
[2026-04-18T19:55:41.899733] DECISION: WAIT - no triggers fired
[2026-04-18T19:55:44.900030] SCHEDULE: age_days=0, threshold=7, trigger=False
[2026-04-18T19:55:44.900102] DRIFT: score=0.02, threshold=0.1, trigger=False
[2026-04-18T19:55:44.900130] PERFORMANCE: accuracy=0.95, threshold=0.85, trigger=False
[2026-04-18T19:55:44.900152] DATA_VOLUME: new=500, threshold=1000, trigger=False
[2026-04-18T19:55:44.900180] DECISION: WAIT - no triggers fired
[2026-04-18T19:55:47.900476] SCHEDULE: age_days=0, threshold=7, trigger=False
[2026-04-18T19:55:47.900559] DRIFT: score=0.02, threshold=0.1, trigger=False
[2026-04-18T19:55:47.900591] PERFORMANCE: accuracy=0.95, threshold=0.85, trigger=False
[2026-04-18T19:55:47.900617] DATA_VOLUME: new=500, threshold=1000, trigger=False
[2026-04-18T19:55:47.900663] DECISION: WAIT - no triggers fired
[2026-04-18T19:55:50.900967] SCHEDULE: age_days=0, threshold=7, trigger=False
[2026-04-18T19:55:50.901085] DRIFT: score=0.02, threshold=0.1, trigger=False
[2026-04-18T19:55:50.901131] PERFORMANCE: accuracy=0.95, threshold=0.85, trigger=False
[2026-04-18T19:55:50.901250] DATA_VOLUME: new=500, threshold=1000, trigger=False
[2026-04-18T19:55:50.901352] DECISION: WAIT - no triggers fired
[2026-04-18T19:55:53.901722] SCHEDULE: age_days=0, threshold=7, trigger=False
[2026-04-18T19:55:53.901841] DRIFT: score=0.02, threshold=0.1, trigger=False
[2026-04-18T19:55:53.901891] PERFORMANCE: accuracy=0.95, threshold=0.85, trigger=False
[2026-04-18T19:55:53.901934] DATA_VOLUME: new=500, threshold=1000, trigger=False
[2026-04-18T19:55:53.901986] DECISION: WAIT - no triggers fired
