[2026-04-18 08:44:28] =========================================
[2026-04-18 08:44:28] === EVEZ666 CONTINUOUS MONITOR ===
[2026-04-18 08:44:28] =========================================
[2026-04-18 08:44:28] === Checking Quantum Stack ===
[2026-04-18 08:44:29] ✅ Qiskit: 2.4.0
[2026-04-18 08:44:29] ✅ Quantum Scripts: Available
[2026-04-18 08:44:29] ✅ Quantum Execution: Working
[2026-04-18 08:44:29] === Checking Research Engine ===
[2026-04-18 08:44:29] ✅ Research Engine: Active (KB:0 caps:0)
[2026-04-18 08:44:29] === Checking Deployments ===
[2026-04-18 08:44:29] 📊 Experiment files: 1
[2026-04-18 08:44:29] 📚 Knowledge Base: 4.0K
[2026-04-18 08:44:29] ✅ Daily Summaries: Present
[2026-04-18 08:44:29] === Checking Projects ===
[2026-04-18 08:44:29] 📁 Projects: None registered yet
[2026-04-18 08:44:29] === Auto-Healing Check ===
[2026-04-18 08:44:29] ✅ Auto-healing complete
[2026-04-18 08:44:29] === MONITOR CYCLE COMPLETE ===
{
  "knowledge_base": {
    "solved_problems": 0,
    "capabilities": 0,
    "active_projects": 0,
    "advancements": 0
  },
  "deployments": {
    "total_capabilities": 0,
    "deployed": [],
    "pending": [],
    "deployment_rate": "0/0"
  },
  "temporal": {
    "recommendations": [],
    "active_projects": 0,
    "total_capabilities": 0,
    "advancements_count": 0
  },
  "auto_improve": {
