{
  "research_queries": [
    "quantum_ml optimization techniques 2024",
    "quantum_ml breakthrough recent papers",
    "Evez666 latest developments",
    "EvezArt GitHub quantum machine learning"
  ],
  "findings": [
    {
      "query": "quantum_ml optimization techniques 2024",
      "findings": "Research opportunity: quantum_ml optimization techniques 2024",
      "priority": "medium"
    },
    {
      "query": "quantum_ml breakthrough recent papers",
      "findings": "Research opportunity: quantum_ml breakthrough recent papers",
      "priority": "medium"
    },
    {
      "query": "Evez666 latest developments",
      "findings": "Research opportunity: Evez666 latest developments",
      "priority": "high"
    },
    {
      "query": "EvezArt GitHub quantum machine learning",
      "findings": "Research opportunity: EvezArt GitHub quantum machine learning",
      "priority": "high"
    }
  ],
  "derived_from_solved": 0,
  "active_capabilities": 0
}
