{
  "knowledge_base": {
    "solved_problems": 0,
    "capabilities": 0,
    "active_projects": 0,
    "advancements": 0
  },
  "deployments": {
    "total_capabilities": 0,
    "deployed": [],
    "pending": [],
    "deployment_rate": "0/0"
  },
  "temporal": {
    "recommendations": [],
    "active_projects": 0,
    "total_capabilities": 0,
    "advancements_count": 0
  },
  "auto_improve": {
    "improvements_found": 0,
    "untested_capabilities": [],
    "recommendations": []
  },
  "system": {
    "workspace": "/root/.openclaw/workspace",
    "components": [
      "research",
      "deploy",
      "ml",
      "projects",
      "monitoring",
      "temporal",
      "auto"
    ],
    "uptime": "operational",
    "last_updated": "2026-04-18T08:44:18.532228"
  }
}
