2026-04-24 17:31:48 [INFO] ============================================================
2026-04-24 17:31:48 [INFO] ⚡ MORPHEUS DAEMON v0.2.0 booting
2026-04-24 17:31:48 [INFO]   Workspace: /root/.openclaw/workspace
2026-04-24 17:31:48 [INFO]   Spine: /root/.openclaw/workspace/soul/cognition/morpheus_spine.jsonl
2026-04-24 17:31:48 [INFO]   Interval: 300s
2026-04-24 17:31:48 [INFO]   Degradation: FULL
2026-04-24 17:31:48 [INFO] ============================================================
2026-04-24 17:31:48 [INFO] 💓 Heartbeat #1
2026-04-24 17:31:48 [INFO]   Strongest memories: last_boot(0.95)
2026-04-24 17:31:48 [INFO]   📝 speedrun-2026-04-22.md: 202 lines
2026-04-24 17:31:48 [INFO]   📝 milestones.md: 908 lines
2026-04-24 17:31:48 [INFO]   📝 mem0_save_log.md: 1 lines
2026-04-24 17:31:58 [INFO]   🧠 Local cognition: nominal (no patterns)
2026-04-24 17:31:58 [INFO]   ✓ Cycle complete (1 events, 0 commits, 1 memories)
2026-04-24 17:36:58 [INFO] 💓 Heartbeat #2
2026-04-24 17:36:58 [INFO]   Strongest memories: last_boot(0.90)
2026-04-24 17:36:58 [INFO]   📝 speedrun-2026-04-22.md: 202 lines
2026-04-24 17:36:58 [INFO]   📝 milestones.md: 908 lines
2026-04-24 17:36:58 [INFO]   📝 mem0_save_log.md: 1 lines
2026-04-24 17:36:59 [INFO]   📦 Auto-committed: e57b3ec
2026-04-24 17:36:59 [INFO]   🧠 Local cognition: nominal (no patterns)
2026-04-24 17:36:59 [INFO]   ✓ Cycle complete (2 events, 1 commits, 1 memories)
2026-04-24 17:41:59 [INFO] 💓 Heartbeat #3
2026-04-24 17:41:59 [INFO]   Strongest memories: last_boot(0.86)
2026-04-24 17:41:59 [INFO]   📝 speedrun-2026-04-22.md: 202 lines
2026-04-24 17:41:59 [INFO]   📝 milestones.md: 908 lines
2026-04-24 17:41:59 [INFO]   📝 mem0_save_log.md: 1 lines
2026-04-24 17:41:59 [INFO]   📦 Auto-committed: e57b3ec
2026-04-24 17:41:59 [INFO]   🧠 Local cognition: nominal (no patterns)
2026-04-24 17:41:59 [INFO]   ✓ Cycle complete (3 events, 2 commits, 1 memories)
2026-04-24 17:46:59 [INFO] 💓 Heartbeat #4
2026-04-24 17:46:59 [INFO]   Strongest memories: last_boot(0.81)
2026-04-24 17:46:59 [INFO]   📝 speedrun-2026-04-22.md: 202 lines
2026-04-24 17:46:59 [INFO]   📝 milestones.md: 908 lines
2026-04-24 17:46:59 [INFO]   📝 mem0_save_log.md: 1 lines
2026-04-24 17:46:59 [INFO]   📦 Auto-committed: e57b3ec
2026-04-24 17:46:59 [INFO]   🧠 Local cognition: nominal (no patterns)
2026-04-24 17:46:59 [INFO]   ✓ Cycle complete (4 events, 3 commits, 1 memories)
2026-04-24 17:51:59 [INFO] 💓 Heartbeat #5
2026-04-24 17:51:59 [INFO]   Strongest memories: last_boot(0.77)
2026-04-24 17:51:59 [INFO]   📝 speedrun-2026-04-22.md: 202 lines
2026-04-24 17:51:59 [INFO]   📝 milestones.md: 908 lines
2026-04-24 17:51:59 [INFO]   📝 mem0_save_log.md: 1 lines
2026-04-24 17:52:00 [INFO]   📦 Auto-committed: e57b3ec
2026-04-24 17:52:00 [INFO]   🧠 Local cognition: nominal (no patterns)
2026-04-24 17:52:00 [INFO]   ✓ Cycle complete (5 events, 4 commits, 1 memories)
2026-04-24 17:57:00 [INFO] 💓 Heartbeat #6
2026-04-24 17:57:00 [INFO]   Strongest memories: last_boot(0.74)
2026-04-24 17:57:00 [INFO]   📝 speedrun-2026-04-22.md: 202 lines
2026-04-24 17:57:00 [INFO]   📝 milestones.md: 908 lines
2026-04-24 17:57:00 [INFO]   📝 mem0_save_log.md: 1 lines
2026-04-24 17:57:00 [INFO]   📦 Auto-committed: e57b3ec
2026-04-24 17:57:00 [INFO]   🧠 Local cognition: nominal (no patterns)
2026-04-24 17:57:00 [INFO]   ✓ Cycle complete (6 events, 5 commits, 1 memories)
2026-04-24 18:02:00 [INFO] 💓 Heartbeat #7
2026-04-24 18:02:00 [INFO]   Strongest memories: last_boot(0.70)
2026-04-24 18:02:00 [INFO]   📝 speedrun-2026-04-22.md: 202 lines
2026-04-24 18:02:00 [INFO]   📝 milestones.md: 908 lines
2026-04-24 18:02:00 [INFO]   📝 mem0_save_log.md: 1 lines
2026-04-24 18:02:00 [INFO]   📦 Auto-committed: e57b3ec
2026-04-24 18:02:00 [INFO]   🧠 Local cognition: nominal (no patterns)
2026-04-24 18:02:00 [INFO]   ✓ Cycle complete (7 events, 6 commits, 1 memories)
2026-04-24 18:07:00 [INFO] 💓 Heartbeat #8
2026-04-24 18:07:00 [INFO]   Strongest memories: last_boot(0.66)
2026-04-24 18:07:00 [INFO]   📝 speedrun-2026-04-22.md: 202 lines
2026-04-24 18:07:00 [INFO]   📝 milestones.md: 908 lines
2026-04-24 18:07:00 [INFO]   📝 mem0_save_log.md: 1 lines
2026-04-24 18:07:00 [INFO]   📦 Auto-committed: e57b3ec
2026-04-24 18:07:00 [INFO]   🧠 Local cognition: nominal (no patterns)
2026-04-24 18:07:00 [INFO]   ✓ Cycle complete (8 events, 7 commits, 1 memories)
2026-04-24 18:12:01 [INFO] 💓 Heartbeat #9
2026-04-24 18:12:01 [INFO]   Strongest memories: last_boot(0.63)
2026-04-24 18:12:01 [INFO]   📝 speedrun-2026-04-22.md: 202 lines
2026-04-24 18:12:01 [INFO]   📝 milestones.md: 908 lines
2026-04-24 18:12:01 [INFO]   📝 mem0_save_log.md: 1 lines
2026-04-24 18:12:01 [INFO]   📦 Auto-committed: e57b3ec
2026-04-24 18:12:01 [INFO]   🧠 Local cognition: nominal (no patterns)
2026-04-24 18:12:01 [INFO]   ✓ Cycle complete (9 events, 8 commits, 1 memories)
2026-04-24 18:17:01 [INFO] 💓 Heartbeat #10
2026-04-24 18:17:01 [INFO]   Strongest memories: last_boot(0.60)
2026-04-24 18:17:01 [INFO]   📝 speedrun-2026-04-22.md: 202 lines
2026-04-24 18:17:01 [INFO]   📝 milestones.md: 1074 lines
2026-04-24 18:17:01 [INFO]   📝 mem0_save_log.md: 1 lines
2026-04-24 18:17:01 [INFO]   📦 Auto-committed: e57b3ec
2026-04-24 18:17:01 [INFO]   🧠 Local cognition: nominal (no patterns)
2026-04-24 18:17:01 [INFO]   ✓ Cycle complete (10 events, 9 commits, 1 memories)
2026-04-24 18:22:01 [INFO] 💓 Heartbeat #11
2026-04-24 18:22:01 [INFO]   Strongest memories: last_boot(0.57)
2026-04-24 18:22:01 [INFO]   📝 speedrun-2026-04-22.md: 202 lines
2026-04-24 18:22:01 [INFO]   📝 milestones.md: 1074 lines
2026-04-24 18:22:01 [INFO]   📝 mem0_save_log.md: 1 lines
2026-04-24 18:22:01 [INFO]   📦 Auto-committed: e57b3ec
2026-04-24 18:22:01 [INFO]   🧠 Local cognition: nominal (no patterns)
2026-04-24 18:22:01 [INFO]   ✓ Cycle complete (11 events, 10 commits, 1 memories)
2026-04-24 18:27:01 [INFO] 💓 Heartbeat #12
2026-04-24 18:27:01 [INFO]   Strongest memories: last_boot(0.54)
2026-04-24 18:27:01 [INFO]   📝 speedrun-2026-04-22.md: 202 lines
2026-04-24 18:27:01 [INFO]   📝 milestones.md: 1074 lines
2026-04-24 18:27:01 [INFO]   📝 mem0_save_log.md: 1 lines
2026-04-24 18:27:02 [INFO]   📦 Auto-committed: e57b3ec
2026-04-24 18:27:02 [INFO]   🧠 Local cognition: nominal (no patterns)
2026-04-24 18:27:02 [INFO]   ✓ Cycle complete (12 events, 11 commits, 1 memories)
2026-04-24 18:32:02 [INFO] 💓 Heartbeat #13
2026-04-24 18:32:02 [INFO]   Strongest memories: last_boot(0.51)
2026-04-24 18:32:02 [INFO]   📝 speedrun-2026-04-22.md: 202 lines
2026-04-24 18:32:02 [INFO]   📝 milestones.md: 1074 lines
2026-04-24 18:32:02 [INFO]   📝 mem0_save_log.md: 1 lines
2026-04-24 18:32:02 [INFO]   📦 Auto-committed: e57b3ec
2026-04-24 18:32:02 [INFO]   🧠 Local cognition: nominal (no patterns)
2026-04-24 18:32:02 [INFO]   ✓ Cycle complete (13 events, 12 commits, 1 memories)
2026-04-24 18:37:02 [INFO] 💓 Heartbeat #14
2026-04-24 18:37:02 [INFO]   Strongest memories: last_boot(0.49)
2026-04-24 18:37:02 [INFO]   📝 speedrun-2026-04-22.md: 202 lines
2026-04-24 18:37:02 [INFO]   📝 milestones.md: 1074 lines
2026-04-24 18:37:02 [INFO]   📝 mem0_save_log.md: 1 lines
2026-04-24 18:37:02 [INFO]   📦 Auto-committed: e57b3ec
2026-04-24 18:37:02 [INFO]   🧠 Local cognition: nominal (no patterns)
2026-04-24 18:37:02 [INFO]   ✓ Cycle complete (14 events, 13 commits, 1 memories)
2026-04-24 18:42:02 [INFO] 💓 Heartbeat #15
2026-04-24 18:42:02 [INFO]   Strongest memories: last_boot(0.46)
2026-04-24 18:42:02 [INFO]   📝 speedrun-2026-04-22.md: 202 lines
2026-04-24 18:42:02 [INFO]   📝 milestones.md: 1074 lines
2026-04-24 18:42:02 [INFO]   📝 mem0_save_log.md: 1 lines
2026-04-24 18:42:02 [INFO]   📦 Auto-committed: e57b3ec
2026-04-24 18:42:02 [INFO]   🧠 Local cognition: nominal (no patterns)
2026-04-24 18:42:02 [INFO]   ✓ Cycle complete (15 events, 14 commits, 1 memories)
2026-04-24 18:47:02 [INFO] 💓 Heartbeat #16
2026-04-24 18:47:02 [INFO]   Strongest memories: last_boot(0.44)
2026-04-24 18:47:02 [INFO]   📝 speedrun-2026-04-22.md: 202 lines
2026-04-24 18:47:02 [INFO]   📝 milestones.md: 1074 lines
2026-04-24 18:47:02 [INFO]   📝 mem0_save_log.md: 1 lines
2026-04-24 18:47:03 [INFO]   📦 Auto-committed: e57b3ec
2026-04-24 18:47:03 [INFO]   🧠 Local cognition: nominal (no patterns)
2026-04-24 18:47:03 [INFO]   ✓ Cycle complete (16 events, 15 commits, 1 memories)
2026-04-24 18:52:03 [INFO] 💓 Heartbeat #17
2026-04-24 18:52:03 [INFO]   Strongest memories: last_boot(0.42)
2026-04-24 18:52:03 [INFO]   📝 speedrun-2026-04-22.md: 202 lines
2026-04-24 18:52:03 [INFO]   📝 milestones.md: 1074 lines
2026-04-24 18:52:03 [INFO]   📝 mem0_save_log.md: 1 lines
2026-04-24 18:52:03 [INFO]   📦 Auto-committed: e57b3ec
2026-04-24 18:52:03 [INFO]   🧠 Local cognition: nominal (no patterns)
2026-04-24 18:52:03 [INFO]   ✓ Cycle complete (17 events, 16 commits, 1 memories)
2026-04-24 18:57:03 [INFO] 💓 Heartbeat #18
2026-04-24 18:57:03 [INFO]   Strongest memories: last_boot(0.40)
2026-04-24 18:57:03 [INFO]   📝 speedrun-2026-04-22.md: 202 lines
2026-04-24 18:57:03 [INFO]   📝 milestones.md: 1074 lines
2026-04-24 18:57:03 [INFO]   📝 mem0_save_log.md: 1 lines
2026-04-24 18:57:03 [INFO]   📦 Auto-committed: e57b3ec
2026-04-24 18:57:03 [INFO]   🧠 Local cognition: nominal (no patterns)
2026-04-24 18:57:03 [INFO]   ✓ Cycle complete (18 events, 17 commits, 1 memories)
2026-04-24 19:02:03 [INFO] 💓 Heartbeat #19
2026-04-24 19:02:03 [INFO]   Strongest memories: last_boot(0.38)
2026-04-24 19:02:03 [INFO]   📝 speedrun-2026-04-22.md: 202 lines
2026-04-24 19:02:03 [INFO]   📝 milestones.md: 1074 lines
2026-04-24 19:02:03 [INFO]   📝 mem0_save_log.md: 1 lines
2026-04-24 19:02:03 [INFO]   📦 Auto-committed: e57b3ec
2026-04-24 19:02:03 [INFO]   🧠 Local cognition: nominal (no patterns)
2026-04-24 19:02:03 [INFO]   ✓ Cycle complete (19 events, 18 commits, 1 memories)
2026-04-24 19:07:03 [INFO] 💓 Heartbeat #20
2026-04-24 19:07:03 [INFO]   Strongest memories: last_boot(0.36)
2026-04-24 19:07:03 [INFO]   📝 speedrun-2026-04-22.md: 202 lines
2026-04-24 19:07:03 [INFO]   📝 milestones.md: 1074 lines
2026-04-24 19:07:03 [INFO]   📝 mem0_save_log.md: 1 lines
2026-04-24 19:07:03 [INFO]   📦 Auto-committed: e57b3ec
2026-04-24 19:07:03 [INFO]   🧠 Local cognition: nominal (no patterns)
2026-04-24 19:07:03 [INFO]   ✓ Cycle complete (20 events, 19 commits, 1 memories)
2026-04-24 19:12:04 [INFO] 💓 Heartbeat #21
2026-04-24 19:12:04 [INFO]   Strongest memories: last_boot(0.34)
2026-04-24 19:12:04 [INFO]   📝 speedrun-2026-04-22.md: 202 lines
2026-04-24 19:12:04 [INFO]   📝 milestones.md: 1074 lines
2026-04-24 19:12:04 [INFO]   📝 mem0_save_log.md: 1 lines
2026-04-24 19:12:04 [INFO]   📦 Auto-committed: e57b3ec
2026-04-24 19:12:04 [INFO]   🧠 Local cognition: nominal (no patterns)
2026-04-24 19:12:04 [INFO]   ✓ Cycle complete (21 events, 20 commits, 1 memories)
2026-04-24 19:17:04 [INFO] 💓 Heartbeat #22
2026-04-24 19:17:04 [INFO]   Strongest memories: last_boot(0.32)
2026-04-24 19:17:04 [INFO]   📝 speedrun-2026-04-22.md: 202 lines
2026-04-24 19:17:04 [INFO]   📝 milestones.md: 1074 lines
2026-04-24 19:17:04 [INFO]   📝 mem0_save_log.md: 1 lines
2026-04-24 19:17:04 [INFO]   📦 Auto-committed: e57b3ec
2026-04-24 19:17:04 [INFO]   🧠 Local cognition: nominal (no patterns)
2026-04-24 19:17:04 [INFO]   ✓ Cycle complete (22 events, 21 commits, 1 memories)
2026-04-24 19:22:04 [INFO] 💓 Heartbeat #23
2026-04-24 19:22:04 [INFO]   Strongest memories: last_boot(0.31)
2026-04-24 19:22:04 [INFO]   📝 speedrun-2026-04-22.md: 202 lines
2026-04-24 19:22:04 [INFO]   📝 milestones.md: 1074 lines
2026-04-24 19:22:04 [INFO]   📝 mem0_save_log.md: 1 lines
2026-04-24 19:22:04 [INFO]   📦 Auto-committed: e57b3ec
2026-04-24 19:22:04 [INFO]   🧠 Local cognition: nominal (no patterns)
2026-04-24 19:22:04 [INFO]   ✓ Cycle complete (23 events, 22 commits, 1 memories)
2026-04-24 19:27:04 [INFO] 💓 Heartbeat #24
2026-04-24 19:27:04 [INFO]   Strongest memories: last_boot(0.29)
2026-04-24 19:27:04 [INFO]   📝 speedrun-2026-04-22.md: 202 lines
2026-04-24 19:27:04 [INFO]   📝 milestones.md: 1074 lines
2026-04-24 19:27:04 [INFO]   📝 mem0_save_log.md: 1 lines
2026-04-24 19:27:04 [INFO]   📦 Auto-committed: e57b3ec
2026-04-24 19:27:04 [INFO]   🧠 Local cognition: nominal (no patterns)
2026-04-24 19:27:04 [INFO]   ✓ Cycle complete (24 events, 23 commits, 1 memories)
2026-04-24 19:32:05 [INFO] 💓 Heartbeat #25
2026-04-24 19:32:05 [INFO]   Strongest memories: last_boot(0.28)
2026-04-24 19:32:05 [INFO]   📝 speedrun-2026-04-22.md: 202 lines
2026-04-24 19:32:05 [INFO]   📝 milestones.md: 1074 lines
2026-04-24 19:32:05 [INFO]   📝 mem0_save_log.md: 1 lines
2026-04-24 19:32:05 [INFO]   📦 Auto-committed: e57b3ec
2026-04-24 19:32:05 [INFO]   🧠 Local cognition: nominal (no patterns)
2026-04-24 19:32:05 [INFO]   ✓ Cycle complete (25 events, 24 commits, 1 memories)
2026-04-24 19:37:05 [INFO] 💓 Heartbeat #26
2026-04-24 19:37:05 [INFO]   Strongest memories: last_boot(0.26)
2026-04-24 19:37:05 [INFO]   📝 speedrun-2026-04-22.md: 202 lines
2026-04-24 19:37:05 [INFO]   📝 milestones.md: 1074 lines
2026-04-24 19:37:05 [INFO]   📝 mem0_save_log.md: 1 lines
2026-04-24 19:37:05 [INFO]   📦 Auto-committed: e57b3ec
2026-04-24 19:37:05 [INFO]   🧠 Local cognition: nominal (no patterns)
2026-04-24 19:37:05 [INFO]   ✓ Cycle complete (26 events, 25 commits, 1 memories)
2026-04-24 19:42:05 [INFO] 💓 Heartbeat #27
2026-04-24 19:42:05 [INFO]   Strongest memories: last_boot(0.25)
2026-04-24 19:42:05 [INFO]   📝 speedrun-2026-04-22.md: 202 lines
2026-04-24 19:42:05 [INFO]   📝 milestones.md: 1074 lines
2026-04-24 19:42:05 [INFO]   📝 mem0_save_log.md: 1 lines
2026-04-24 19:42:05 [INFO]   📦 Auto-committed: e57b3ec
2026-04-24 19:42:05 [INFO]   🧠 Local cognition: nominal (no patterns)
2026-04-24 19:42:05 [INFO]   ✓ Cycle complete (27 events, 26 commits, 1 memories)
2026-04-24 19:47:05 [INFO] 💓 Heartbeat #28
2026-04-24 19:47:05 [INFO]   Strongest memories: last_boot(0.24)
2026-04-24 19:47:05 [INFO]   📝 speedrun-2026-04-22.md: 202 lines
2026-04-24 19:47:05 [INFO]   📝 milestones.md: 1074 lines
2026-04-24 19:47:05 [INFO]   📝 mem0_save_log.md: 1 lines
2026-04-24 19:47:05 [INFO]   📦 Auto-committed: e57b3ec
2026-04-24 19:47:05 [INFO]   🧠 Local cognition: nominal (no patterns)
2026-04-24 19:47:05 [INFO]   ✓ Cycle complete (28 events, 27 commits, 1 memories)
2026-04-24 19:52:06 [INFO] 💓 Heartbeat #29
2026-04-24 19:52:06 [INFO]   Strongest memories: last_boot(0.23)
2026-04-24 19:52:06 [INFO]   📝 speedrun-2026-04-22.md: 202 lines
2026-04-24 19:52:06 [INFO]   📝 milestones.md: 1074 lines
2026-04-24 19:52:06 [INFO]   📝 mem0_save_log.md: 1 lines
2026-04-24 19:52:06 [INFO]   📦 Auto-committed: e57b3ec
2026-04-24 19:52:06 [INFO]   🧠 Local cognition: nominal (no patterns)
2026-04-24 19:52:06 [INFO]   ✓ Cycle complete (29 events, 28 commits, 1 memories)
2026-04-24 19:57:06 [INFO] 💓 Heartbeat #30
2026-04-24 19:57:06 [INFO]   Strongest memories: last_boot(0.21)
2026-04-24 19:57:06 [INFO]   📝 speedrun-2026-04-22.md: 202 lines
2026-04-24 19:57:06 [INFO]   📝 milestones.md: 1074 lines
2026-04-24 19:57:06 [INFO]   📝 mem0_save_log.md: 1 lines
2026-04-24 19:57:06 [INFO]   📦 Auto-committed: e57b3ec
2026-04-24 19:57:06 [INFO]   🧠 Local cognition: nominal (no patterns)
2026-04-24 19:57:06 [INFO]   ✓ Cycle complete (30 events, 29 commits, 1 memories)
2026-04-24 20:02:06 [INFO] 💓 Heartbeat #31
2026-04-24 20:02:06 [INFO]   Strongest memories: last_boot(0.20)
2026-04-24 20:02:06 [INFO]   📝 speedrun-2026-04-22.md: 202 lines
2026-04-24 20:02:06 [INFO]   📝 milestones.md: 1074 lines
2026-04-24 20:02:06 [INFO]   📝 mem0_save_log.md: 1 lines
2026-04-24 20:02:06 [INFO]   📦 Auto-committed: e57b3ec
2026-04-24 20:02:06 [INFO]   🧠 Local cognition: nominal (no patterns)
2026-04-24 20:02:06 [INFO]   ✓ Cycle complete (31 events, 30 commits, 1 memories)
2026-04-24 20:07:06 [INFO] 💓 Heartbeat #32
2026-04-24 20:07:06 [INFO]   Strongest memories: last_boot(0.19)
2026-04-24 20:07:06 [INFO]   📝 speedrun-2026-04-22.md: 202 lines
2026-04-24 20:07:06 [INFO]   📝 milestones.md: 1074 lines
2026-04-24 20:07:06 [INFO]   📝 mem0_save_log.md: 1 lines
2026-04-24 20:07:07 [INFO]   📦 Auto-committed: e57b3ec
2026-04-24 20:07:07 [INFO]   🧠 Local cognition: nominal (no patterns)
2026-04-24 20:07:07 [INFO]   ✓ Cycle complete (32 events, 31 commits, 1 memories)
2026-04-24 20:12:07 [INFO] 💓 Heartbeat #33
2026-04-24 20:12:07 [INFO]   Strongest memories: last_boot(0.18)
2026-04-24 20:12:07 [INFO]   📝 speedrun-2026-04-22.md: 202 lines
2026-04-24 20:12:07 [INFO]   📝 milestones.md: 1074 lines
2026-04-24 20:12:07 [INFO]   📝 mem0_save_log.md: 1 lines
2026-04-24 20:12:07 [INFO]   📦 Auto-committed: e57b3ec
2026-04-24 20:12:07 [INFO]   🧠 Local cognition: nominal (no patterns)
2026-04-24 20:12:07 [INFO]   ✓ Cycle complete (33 events, 32 commits, 1 memories)
2026-04-24 20:17:07 [INFO] 💓 Heartbeat #34
2026-04-24 20:17:07 [INFO]   Strongest memories: last_boot(0.17)
2026-04-24 20:17:07 [INFO]   📝 speedrun-2026-04-22.md: 202 lines
2026-04-24 20:17:07 [INFO]   📝 milestones.md: 1074 lines
2026-04-24 20:17:07 [INFO]   📝 mem0_save_log.md: 1 lines
2026-04-24 20:17:07 [INFO]   📦 Auto-committed: e57b3ec
2026-04-24 20:17:07 [INFO]   🧠 Local cognition: nominal (no patterns)
2026-04-24 20:17:07 [INFO]   ✓ Cycle complete (34 events, 33 commits, 1 memories)
2026-04-24 20:22:07 [INFO] 💓 Heartbeat #35
2026-04-24 20:22:07 [INFO]   Strongest memories: last_boot(0.17)
2026-04-24 20:22:07 [INFO]   📝 speedrun-2026-04-22.md: 202 lines
2026-04-24 20:22:07 [INFO]   📝 milestones.md: 1074 lines
2026-04-24 20:22:07 [INFO]   📝 mem0_save_log.md: 1 lines
2026-04-24 20:22:07 [INFO]   📦 Auto-committed: e57b3ec
2026-04-24 20:22:07 [INFO]   🧠 Local cognition: nominal (no patterns)
2026-04-24 20:22:07 [INFO]   ✓ Cycle complete (35 events, 34 commits, 1 memories)
2026-04-24 20:27:08 [INFO] 💓 Heartbeat #36
2026-04-24 20:27:08 [INFO]   Strongest memories: last_boot(0.16)
2026-04-24 20:27:08 [INFO]   📝 speedrun-2026-04-22.md: 202 lines
2026-04-24 20:27:08 [INFO]   📝 milestones.md: 1074 lines
2026-04-24 20:27:08 [INFO]   📝 mem0_save_log.md: 1 lines
2026-04-24 20:27:08 [INFO]   📦 Auto-committed: e57b3ec
2026-04-24 20:27:08 [INFO]   🧠 Local cognition: nominal (no patterns)
2026-04-24 20:27:08 [INFO]   ✓ Cycle complete (36 events, 35 commits, 1 memories)
2026-04-24 20:32:08 [INFO] 💓 Heartbeat #37
2026-04-24 20:32:08 [INFO]   Strongest memories: last_boot(0.15)
2026-04-24 20:32:08 [INFO]   📝 speedrun-2026-04-22.md: 202 lines
2026-04-24 20:32:08 [INFO]   📝 milestones.md: 1074 lines
2026-04-24 20:32:08 [INFO]   📝 mem0_save_log.md: 1 lines
2026-04-24 20:32:08 [INFO]   📦 Auto-committed: e57b3ec
2026-04-24 20:32:08 [INFO]   🧠 Local cognition: nominal (no patterns)
2026-04-24 20:32:08 [INFO]   ✓ Cycle complete (37 events, 36 commits, 1 memories)
2026-04-24 20:37:08 [INFO] 💓 Heartbeat #38
2026-04-24 20:37:08 [INFO]   Strongest memories: last_boot(0.14)
2026-04-24 20:37:08 [INFO]   📝 speedrun-2026-04-22.md: 202 lines
2026-04-24 20:37:08 [INFO]   📝 milestones.md: 1074 lines
2026-04-24 20:37:08 [INFO]   📝 mem0_save_log.md: 1 lines
2026-04-24 20:37:08 [INFO]   📦 Auto-committed: e57b3ec
2026-04-24 20:37:08 [INFO]   🧠 Local cognition: nominal (no patterns)
2026-04-24 20:37:08 [INFO]   ✓ Cycle complete (38 events, 37 commits, 1 memories)
2026-04-24 20:42:08 [INFO] 💓 Heartbeat #39
2026-04-24 20:42:08 [INFO]   Strongest memories: last_boot(0.14)
2026-04-24 20:42:08 [INFO]   📝 speedrun-2026-04-22.md: 202 lines
2026-04-24 20:42:08 [INFO]   📝 milestones.md: 1074 lines
2026-04-24 20:42:08 [INFO]   📝 mem0_save_log.md: 1 lines
2026-04-24 20:42:09 [INFO]   📦 Auto-committed: e57b3ec
2026-04-24 20:42:09 [INFO]   🧠 Local cognition: nominal (no patterns)
2026-04-24 20:42:09 [INFO]   ✓ Cycle complete (39 events, 38 commits, 1 memories)
2026-04-24 20:47:09 [INFO] 💓 Heartbeat #40
2026-04-24 20:47:09 [INFO]   Strongest memories: last_boot(0.13)
2026-04-24 20:47:09 [INFO]   📝 speedrun-2026-04-22.md: 202 lines
2026-04-24 20:47:09 [INFO]   📝 milestones.md: 1074 lines
2026-04-24 20:47:09 [INFO]   📝 mem0_save_log.md: 1 lines
2026-04-24 20:47:09 [INFO]   📦 Auto-committed: e57b3ec
2026-04-24 20:47:09 [INFO]   🧠 Local cognition: nominal (no patterns)
2026-04-24 20:47:09 [INFO]   ✓ Cycle complete (40 events, 39 commits, 1 memories)
2026-04-24 20:52:09 [INFO] 💓 Heartbeat #41
2026-04-24 20:52:09 [INFO]   Strongest memories: last_boot(0.12)
2026-04-24 20:52:09 [INFO]   📝 speedrun-2026-04-22.md: 202 lines
2026-04-24 20:52:09 [INFO]   📝 milestones.md: 1074 lines
2026-04-24 20:52:09 [INFO]   📝 mem0_save_log.md: 1 lines
2026-04-24 20:52:09 [INFO]   📦 Auto-committed: e57b3ec
2026-04-24 20:52:09 [INFO]   🧠 Local cognition: nominal (no patterns)
2026-04-24 20:52:09 [INFO]   ✓ Cycle complete (41 events, 40 commits, 1 memories)
2026-04-24 20:57:09 [INFO] 💓 Heartbeat #42
2026-04-24 20:57:09 [INFO]   Strongest memories: last_boot(0.12)
2026-04-24 20:57:09 [INFO]   📝 speedrun-2026-04-22.md: 202 lines
2026-04-24 20:57:09 [INFO]   📝 milestones.md: 1074 lines
2026-04-24 20:57:09 [INFO]   📝 mem0_save_log.md: 1 lines
2026-04-24 20:57:09 [INFO]   📦 Auto-committed: e57b3ec
2026-04-24 20:57:09 [INFO]   🧠 Local cognition: nominal (no patterns)
2026-04-24 20:57:09 [INFO]   ✓ Cycle complete (42 events, 41 commits, 1 memories)
2026-04-24 21:02:09 [INFO] 💓 Heartbeat #43
2026-04-24 21:02:09 [INFO]   Strongest memories: last_boot(0.11)
2026-04-24 21:02:09 [INFO]   📝 speedrun-2026-04-22.md: 202 lines
2026-04-24 21:02:09 [INFO]   📝 milestones.md: 1074 lines
2026-04-24 21:02:09 [INFO]   📝 mem0_save_log.md: 1 lines
2026-04-24 21:02:10 [INFO]   📦 Auto-committed: e57b3ec
2026-04-24 21:02:10 [INFO]   🧠 Local cognition: nominal (no patterns)
2026-04-24 21:02:10 [INFO]   ✓ Cycle complete (43 events, 42 commits, 1 memories)
2026-04-24 21:07:10 [INFO] 💓 Heartbeat #44
2026-04-24 21:07:10 [INFO]   Strongest memories: last_boot(0.10)
2026-04-24 21:07:10 [INFO]   📝 speedrun-2026-04-22.md: 202 lines
2026-04-24 21:07:10 [INFO]   📝 milestones.md: 1074 lines
2026-04-24 21:07:10 [INFO]   📝 mem0_save_log.md: 1 lines
2026-04-24 21:07:10 [INFO]   📦 Auto-committed: e57b3ec
2026-04-24 21:07:10 [INFO]   🧠 Local cognition: nominal (no patterns)
2026-04-24 21:07:10 [INFO]   ✓ Cycle complete (44 events, 43 commits, 1 memories)
2026-04-24 21:12:10 [INFO] 💓 Heartbeat #45
2026-04-24 21:12:10 [INFO] Archived weak memory: last_boot (strength=0.099)
2026-04-24 21:12:10 [INFO]   📝 speedrun-2026-04-22.md: 202 lines
2026-04-24 21:12:10 [INFO]   📝 milestones.md: 134 lines
2026-04-24 21:12:10 [INFO]   📝 mem0_save_log.md: 1 lines
2026-04-24 21:12:10 [INFO]   📦 Auto-committed: e57b3ec
2026-04-24 21:12:10 [INFO]   🧠 Local cognition: nominal (no patterns)
2026-04-24 21:12:10 [INFO]   ✓ Cycle complete (45 events, 44 commits, 0 memories)
2026-04-24 21:17:10 [INFO] 💓 Heartbeat #46
2026-04-24 21:17:10 [INFO]   📝 speedrun-2026-04-22.md: 202 lines
2026-04-24 21:17:10 [INFO]   📝 milestones.md: 134 lines
2026-04-24 21:17:10 [INFO]   📝 mem0_save_log.md: 1 lines
2026-04-24 21:17:10 [INFO]   📦 Auto-committed: e57b3ec
2026-04-24 21:17:10 [INFO]   🧠 Local cognition: nominal (no patterns)
2026-04-24 21:17:10 [INFO]   ✓ Cycle complete (46 events, 45 commits, 0 memories)
2026-04-24 21:22:11 [INFO] 💓 Heartbeat #47
2026-04-24 21:22:11 [INFO]   📝 speedrun-2026-04-22.md: 202 lines
2026-04-24 21:22:11 [INFO]   📝 milestones.md: 134 lines
2026-04-24 21:22:11 [INFO]   📝 mem0_save_log.md: 1 lines
2026-04-24 21:22:11 [INFO]   📦 Auto-committed: e57b3ec
2026-04-24 21:22:11 [INFO]   🧠 Local cognition: nominal (no patterns)
2026-04-24 21:22:11 [INFO]   ✓ Cycle complete (47 events, 46 commits, 0 memories)
2026-04-24 21:27:11 [INFO] 💓 Heartbeat #48
2026-04-24 21:27:11 [INFO]   📝 speedrun-2026-04-22.md: 202 lines
2026-04-24 21:27:11 [INFO]   📝 milestones.md: 134 lines
2026-04-24 21:27:11 [INFO]   📝 mem0_save_log.md: 1 lines
2026-04-24 21:27:11 [INFO]   📦 Auto-committed: e57b3ec
2026-04-24 21:27:11 [INFO]   🧠 Local cognition: nominal (no patterns)
2026-04-24 21:27:11 [INFO]   ✓ Cycle complete (48 events, 47 commits, 0 memories)
2026-04-24 21:32:11 [INFO] 💓 Heartbeat #49
2026-04-24 21:32:11 [INFO]   📝 speedrun-2026-04-22.md: 202 lines
2026-04-24 21:32:11 [INFO]   📝 milestones.md: 134 lines
2026-04-24 21:32:11 [INFO]   📝 mem0_save_log.md: 1 lines
2026-04-24 21:32:11 [INFO]   📦 Auto-committed: e57b3ec
2026-04-24 21:32:11 [INFO]   🧠 Local cognition: nominal (no patterns)
2026-04-24 21:32:11 [INFO]   ✓ Cycle complete (49 events, 48 commits, 0 memories)
2026-04-24 21:37:12 [INFO] 💓 Heartbeat #50
2026-04-24 21:37:12 [INFO]   📝 speedrun-2026-04-22.md: 202 lines
2026-04-24 21:37:12 [INFO]   📝 milestones.md: 134 lines
2026-04-24 21:37:12 [INFO]   📝 mem0_save_log.md: 1 lines
2026-04-24 21:37:12 [INFO]   📦 Auto-committed: e57b3ec
2026-04-24 21:37:12 [INFO]   🧠 Local cognition: nominal (no patterns)
2026-04-24 21:37:12 [INFO]   ✓ Cycle complete (50 events, 49 commits, 0 memories)
2026-04-24 21:42:12 [INFO] 💓 Heartbeat #51
2026-04-24 21:42:12 [INFO]   📝 speedrun-2026-04-22.md: 202 lines
2026-04-24 21:42:12 [INFO]   📝 milestones.md: 134 lines
2026-04-24 21:42:12 [INFO]   📝 mem0_save_log.md: 1 lines
2026-04-24 21:42:12 [INFO]   📦 Auto-committed: e57b3ec
2026-04-24 21:42:12 [INFO]   🧠 Local cognition: nominal (no patterns)
2026-04-24 21:42:12 [INFO]   ✓ Cycle complete (51 events, 50 commits, 0 memories)
2026-04-24 21:47:12 [INFO] 💓 Heartbeat #52
2026-04-24 21:47:12 [INFO]   📝 speedrun-2026-04-22.md: 202 lines
2026-04-24 21:47:12 [INFO]   📝 milestones.md: 134 lines
2026-04-24 21:47:12 [INFO]   📝 mem0_save_log.md: 1 lines
2026-04-24 21:47:12 [INFO]   📦 Auto-committed: e57b3ec
2026-04-24 21:47:12 [INFO]   🧠 Local cognition: nominal (no patterns)
2026-04-24 21:47:12 [INFO]   ✓ Cycle complete (52 events, 51 commits, 0 memories)
2026-04-24 21:52:12 [INFO] 💓 Heartbeat #53
2026-04-24 21:52:12 [INFO]   📝 speedrun-2026-04-22.md: 202 lines
2026-04-24 21:52:12 [INFO]   📝 milestones.md: 134 lines
2026-04-24 21:52:12 [INFO]   📝 mem0_save_log.md: 1 lines
2026-04-24 21:52:13 [INFO]   📦 Auto-committed: e57b3ec
2026-04-24 21:52:13 [INFO]   🧠 Local cognition: nominal (no patterns)
2026-04-24 21:52:13 [INFO]   ✓ Cycle complete (53 events, 52 commits, 0 memories)
2026-04-24 21:57:13 [INFO] 💓 Heartbeat #54
2026-04-24 21:57:13 [INFO]   📝 speedrun-2026-04-22.md: 202 lines
2026-04-24 21:57:13 [INFO]   📝 milestones.md: 134 lines
2026-04-24 21:57:13 [INFO]   📝 mem0_save_log.md: 1 lines
2026-04-24 21:57:13 [INFO]   📦 Auto-committed: e57b3ec
2026-04-24 21:57:13 [INFO]   🧠 Local cognition: nominal (no patterns)
2026-04-24 21:57:13 [INFO]   ✓ Cycle complete (54 events, 53 commits, 0 memories)
2026-04-24 22:02:13 [INFO] 💓 Heartbeat #55
2026-04-24 22:02:13 [INFO]   📝 speedrun-2026-04-22.md: 202 lines
2026-04-24 22:02:13 [INFO]   📝 milestones.md: 134 lines
2026-04-24 22:02:13 [INFO]   📝 mem0_save_log.md: 1 lines
2026-04-24 22:02:13 [INFO]   📦 Auto-committed: e57b3ec
2026-04-24 22:02:13 [INFO]   🧠 Local cognition: nominal (no patterns)
2026-04-24 22:02:13 [INFO]   ✓ Cycle complete (55 events, 54 commits, 0 memories)
2026-04-24 22:07:13 [INFO] 💓 Heartbeat #56
2026-04-24 22:07:13 [INFO]   📝 speedrun-2026-04-22.md: 202 lines
2026-04-24 22:07:13 [INFO]   📝 milestones.md: 134 lines
2026-04-24 22:07:13 [INFO]   📝 mem0_save_log.md: 1 lines
2026-04-24 22:07:14 [INFO]   📦 Auto-committed: e57b3ec
2026-04-24 22:07:14 [INFO]   🧠 Local cognition: nominal (no patterns)
2026-04-24 22:07:14 [INFO]   ✓ Cycle complete (56 events, 55 commits, 0 memories)
2026-04-24 22:12:14 [INFO] 💓 Heartbeat #57
2026-04-24 22:12:14 [INFO]   📝 speedrun-2026-04-22.md: 202 lines
2026-04-24 22:12:14 [INFO]   📝 milestones.md: 134 lines
2026-04-24 22:12:14 [INFO]   📝 mem0_save_log.md: 1 lines
2026-04-24 22:12:14 [INFO]   📦 Auto-committed: e57b3ec
2026-04-24 22:12:14 [INFO]   🧠 Local cognition: nominal (no patterns)
2026-04-24 22:12:14 [INFO]   ✓ Cycle complete (57 events, 56 commits, 0 memories)
2026-04-24 22:17:14 [INFO] 💓 Heartbeat #58
2026-04-24 22:17:14 [INFO]   📝 speedrun-2026-04-22.md: 202 lines
2026-04-24 22:17:14 [INFO]   📝 milestones.md: 134 lines
2026-04-24 22:17:14 [INFO]   📝 mem0_save_log.md: 1 lines
2026-04-24 22:17:14 [INFO]   📦 Auto-committed: e57b3ec
2026-04-24 22:17:14 [INFO]   🧠 Local cognition: nominal (no patterns)
2026-04-24 22:17:14 [INFO]   ✓ Cycle complete (58 events, 57 commits, 0 memories)
2026-04-24 22:22:14 [INFO] 💓 Heartbeat #59
2026-04-24 22:22:14 [INFO]   📝 speedrun-2026-04-22.md: 202 lines
2026-04-24 22:22:14 [INFO]   📝 milestones.md: 134 lines
2026-04-24 22:22:14 [INFO]   📝 mem0_save_log.md: 1 lines
2026-04-24 22:22:14 [INFO]   📦 Auto-committed: e57b3ec
2026-04-24 22:22:14 [INFO]   🧠 Local cognition: nominal (no patterns)
2026-04-24 22:22:14 [INFO]   ✓ Cycle complete (59 events, 58 commits, 0 memories)
2026-04-24 22:27:14 [INFO] 💓 Heartbeat #60
2026-04-24 22:27:14 [INFO]   📝 speedrun-2026-04-22.md: 202 lines
2026-04-24 22:27:14 [INFO]   📝 milestones.md: 134 lines
2026-04-24 22:27:14 [INFO]   📝 mem0_save_log.md: 1 lines
2026-04-24 22:27:15 [INFO]   📦 Auto-committed: e57b3ec
2026-04-24 22:27:15 [INFO]   🧠 Local cognition: nominal (no patterns)
2026-04-24 22:27:15 [INFO]   ✓ Cycle complete (60 events, 59 commits, 0 memories)
2026-04-24 22:32:15 [INFO] 💓 Heartbeat #61
2026-04-24 22:32:15 [INFO]   📝 speedrun-2026-04-22.md: 202 lines
2026-04-24 22:32:15 [INFO]   📝 milestones.md: 134 lines
2026-04-24 22:32:15 [INFO]   📝 mem0_save_log.md: 1 lines
2026-04-24 22:32:15 [INFO]   📦 Auto-committed: e57b3ec
2026-04-24 22:32:15 [INFO]   🧠 Local cognition: nominal (no patterns)
2026-04-24 22:32:15 [INFO]   ✓ Cycle complete (61 events, 60 commits, 0 memories)
2026-04-24 22:37:15 [INFO] 💓 Heartbeat #62
2026-04-24 22:37:15 [INFO]   📝 speedrun-2026-04-22.md: 202 lines
2026-04-24 22:37:15 [INFO]   📝 milestones.md: 134 lines
2026-04-24 22:37:15 [INFO]   📝 mem0_save_log.md: 1 lines
2026-04-24 22:37:15 [INFO]   📦 Auto-committed: e57b3ec
2026-04-24 22:37:15 [INFO]   🧠 Local cognition: nominal (no patterns)
2026-04-24 22:37:15 [INFO]   ✓ Cycle complete (62 events, 61 commits, 0 memories)
2026-04-24 22:42:15 [INFO] 💓 Heartbeat #63
2026-04-24 22:42:15 [INFO]   📝 speedrun-2026-04-22.md: 202 lines
2026-04-24 22:42:15 [INFO]   📝 milestones.md: 134 lines
2026-04-24 22:42:15 [INFO]   📝 mem0_save_log.md: 1 lines
2026-04-24 22:42:15 [INFO]   📦 Auto-committed: e57b3ec
2026-04-24 22:42:15 [INFO]   🧠 Local cognition: nominal (no patterns)
2026-04-24 22:42:15 [INFO]   ✓ Cycle complete (63 events, 62 commits, 0 memories)
2026-04-24 22:47:15 [INFO] 💓 Heartbeat #64
2026-04-24 22:47:15 [INFO]   📝 speedrun-2026-04-22.md: 202 lines
2026-04-24 22:47:15 [INFO]   📝 milestones.md: 134 lines
2026-04-24 22:47:15 [INFO]   📝 mem0_save_log.md: 1 lines
2026-04-24 22:47:16 [INFO]   📦 Auto-committed: e57b3ec
2026-04-24 22:47:16 [INFO]   🧠 Local cognition: nominal (no patterns)
2026-04-24 22:47:16 [INFO]   ✓ Cycle complete (64 events, 63 commits, 0 memories)
2026-04-24 22:52:16 [INFO] 💓 Heartbeat #65
2026-04-24 22:52:16 [INFO]   📝 speedrun-2026-04-22.md: 202 lines
2026-04-24 22:52:16 [INFO]   📝 milestones.md: 134 lines
2026-04-24 22:52:16 [INFO]   📝 mem0_save_log.md: 1 lines
2026-04-24 22:52:16 [INFO]   📦 Auto-committed: e57b3ec
2026-04-24 22:52:16 [INFO]   🧠 Local cognition: nominal (no patterns)
2026-04-24 22:52:16 [INFO]   ✓ Cycle complete (65 events, 64 commits, 0 memories)
2026-04-24 22:57:16 [INFO] 💓 Heartbeat #66
2026-04-24 22:57:16 [INFO]   📝 speedrun-2026-04-22.md: 202 lines
2026-04-24 22:57:16 [INFO]   📝 milestones.md: 134 lines
2026-04-24 22:57:16 [INFO]   📝 mem0_save_log.md: 1 lines
2026-04-24 22:57:16 [INFO]   📦 Auto-committed: e57b3ec
2026-04-24 22:57:16 [INFO]   🧠 Local cognition: nominal (no patterns)
2026-04-24 22:57:16 [INFO]   ✓ Cycle complete (66 events, 65 commits, 0 memories)
2026-04-24 23:02:16 [INFO] 💓 Heartbeat #67
2026-04-24 23:02:16 [INFO]   📝 speedrun-2026-04-22.md: 202 lines
2026-04-24 23:02:16 [INFO]   📝 milestones.md: 134 lines
2026-04-24 23:02:16 [INFO]   📝 mem0_save_log.md: 1 lines
2026-04-24 23:02:16 [INFO]   📦 Auto-committed: e57b3ec
2026-04-24 23:02:16 [INFO]   🧠 Local cognition: nominal (no patterns)
2026-04-24 23:02:16 [INFO]   ✓ Cycle complete (67 events, 66 commits, 0 memories)
2026-04-24 23:07:17 [INFO] 💓 Heartbeat #68
2026-04-24 23:07:17 [INFO]   📝 speedrun-2026-04-22.md: 202 lines
2026-04-24 23:07:17 [INFO]   📝 milestones.md: 134 lines
2026-04-24 23:07:17 [INFO]   📝 mem0_save_log.md: 1 lines
2026-04-24 23:07:17 [INFO]   📦 Auto-committed: e57b3ec
2026-04-24 23:07:17 [INFO]   🧠 Local cognition: nominal (no patterns)
2026-04-24 23:07:17 [INFO]   ✓ Cycle complete (68 events, 67 commits, 0 memories)
2026-04-24 23:12:17 [INFO] 💓 Heartbeat #69
2026-04-24 23:12:17 [INFO]   📝 speedrun-2026-04-22.md: 202 lines
2026-04-24 23:12:17 [INFO]   📝 milestones.md: 134 lines
2026-04-24 23:12:17 [INFO]   📝 mem0_save_log.md: 1 lines
2026-04-24 23:12:17 [INFO]   📦 Auto-committed: e57b3ec
2026-04-24 23:12:17 [INFO]   🧠 Local cognition: nominal (no patterns)
2026-04-24 23:12:17 [INFO]   ✓ Cycle complete (69 events, 68 commits, 0 memories)
2026-04-24 23:17:17 [INFO] 💓 Heartbeat #70
2026-04-24 23:17:17 [INFO]   📝 speedrun-2026-04-22.md: 202 lines
2026-04-24 23:17:17 [INFO]   📝 milestones.md: 134 lines
2026-04-24 23:17:17 [INFO]   📝 mem0_save_log.md: 1 lines
2026-04-24 23:17:17 [INFO]   📦 Auto-committed: e57b3ec
2026-04-24 23:17:17 [INFO]   🧠 Local cognition: nominal (no patterns)
2026-04-24 23:17:17 [INFO]   ✓ Cycle complete (70 events, 69 commits, 0 memories)
2026-04-24 23:22:17 [INFO] 💓 Heartbeat #71
2026-04-24 23:22:17 [INFO]   📝 speedrun-2026-04-22.md: 202 lines
2026-04-24 23:22:17 [INFO]   📝 milestones.md: 134 lines
2026-04-24 23:22:17 [INFO]   📝 mem0_save_log.md: 1 lines
2026-04-24 23:22:18 [INFO]   📦 Auto-committed: e57b3ec
2026-04-24 23:22:18 [INFO]   🧠 Local cognition: nominal (no patterns)
2026-04-24 23:22:18 [INFO]   ✓ Cycle complete (71 events, 70 commits, 0 memories)
2026-04-24 23:27:18 [INFO] 💓 Heartbeat #72
2026-04-24 23:27:18 [INFO]   📝 speedrun-2026-04-22.md: 202 lines
2026-04-24 23:27:18 [INFO]   📝 milestones.md: 134 lines
2026-04-24 23:27:18 [INFO]   📝 mem0_save_log.md: 1 lines
2026-04-24 23:27:18 [INFO]   📦 Auto-committed: e57b3ec
2026-04-24 23:27:18 [INFO]   🧠 Local cognition: nominal (no patterns)
2026-04-24 23:27:18 [INFO]   ✓ Cycle complete (72 events, 71 commits, 0 memories)
2026-04-24 23:32:18 [INFO] 💓 Heartbeat #73
2026-04-24 23:32:18 [INFO]   📝 speedrun-2026-04-22.md: 202 lines
2026-04-24 23:32:18 [INFO]   📝 milestones.md: 134 lines
2026-04-24 23:32:18 [INFO]   📝 mem0_save_log.md: 1 lines
2026-04-24 23:32:18 [INFO]   📦 Auto-committed: e57b3ec
2026-04-24 23:32:18 [INFO]   🧠 Local cognition: nominal (no patterns)
2026-04-24 23:32:18 [INFO]   ✓ Cycle complete (73 events, 72 commits, 0 memories)
2026-04-24 23:37:18 [INFO] 💓 Heartbeat #74
2026-04-24 23:37:18 [INFO]   📝 speedrun-2026-04-22.md: 202 lines
2026-04-24 23:37:18 [INFO]   📝 milestones.md: 134 lines
2026-04-24 23:37:18 [INFO]   📝 mem0_save_log.md: 1 lines
2026-04-24 23:37:18 [INFO]   📦 Auto-committed: e57b3ec
2026-04-24 23:37:18 [INFO]   🧠 Local cognition: nominal (no patterns)
2026-04-24 23:37:18 [INFO]   ✓ Cycle complete (74 events, 73 commits, 0 memories)
2026-04-24 23:42:19 [INFO] 💓 Heartbeat #75
2026-04-24 23:42:19 [INFO]   📝 speedrun-2026-04-22.md: 202 lines
2026-04-24 23:42:19 [INFO]   📝 milestones.md: 134 lines
2026-04-24 23:42:19 [INFO]   📝 mem0_save_log.md: 1 lines
2026-04-24 23:42:19 [INFO]   📦 Auto-committed: e57b3ec
2026-04-24 23:42:19 [INFO]   🧠 Local cognition: nominal (no patterns)
2026-04-24 23:42:19 [INFO]   ✓ Cycle complete (75 events, 74 commits, 0 memories)
2026-04-24 23:47:19 [INFO] 💓 Heartbeat #76
2026-04-24 23:47:19 [INFO]   📝 speedrun-2026-04-22.md: 202 lines
2026-04-24 23:47:19 [INFO]   📝 milestones.md: 134 lines
2026-04-24 23:47:19 [INFO]   📝 mem0_save_log.md: 1 lines
2026-04-24 23:47:19 [INFO]   📦 Auto-committed: e57b3ec
2026-04-24 23:47:19 [INFO]   🧠 Local cognition: nominal (no patterns)
2026-04-24 23:47:19 [INFO]   ✓ Cycle complete (76 events, 75 commits, 0 memories)
2026-04-24 23:52:19 [INFO] 💓 Heartbeat #77
2026-04-24 23:52:19 [INFO]   📝 speedrun-2026-04-22.md: 202 lines
2026-04-24 23:52:19 [INFO]   📝 milestones.md: 134 lines
2026-04-24 23:52:19 [INFO]   📝 mem0_save_log.md: 1 lines
2026-04-24 23:52:19 [INFO]   📦 Auto-committed: e57b3ec
2026-04-24 23:52:19 [INFO]   🧠 Local cognition: nominal (no patterns)
2026-04-24 23:52:19 [INFO]   ✓ Cycle complete (77 events, 76 commits, 0 memories)
2026-04-24 23:57:20 [INFO] 💓 Heartbeat #78
2026-04-24 23:57:20 [INFO]   📝 speedrun-2026-04-22.md: 202 lines
2026-04-24 23:57:20 [INFO]   📝 milestones.md: 134 lines
2026-04-24 23:57:20 [INFO]   📝 mem0_save_log.md: 1 lines
2026-04-24 23:57:20 [INFO]   📦 Auto-committed: e57b3ec
2026-04-24 23:57:20 [INFO]   🧠 Local cognition: nominal (no patterns)
2026-04-24 23:57:20 [INFO]   ✓ Cycle complete (78 events, 77 commits, 0 memories)
2026-04-25 00:02:20 [INFO] 💓 Heartbeat #79
2026-04-25 00:02:20 [INFO]   📝 speedrun-2026-04-22.md: 202 lines
2026-04-25 00:02:20 [INFO]   📝 milestones.md: 134 lines
2026-04-25 00:02:20 [INFO]   📝 mem0_save_log.md: 1 lines
2026-04-25 00:02:20 [INFO]   📦 Auto-committed: e57b3ec
2026-04-25 00:02:20 [INFO]   🧠 Local cognition: nominal (no patterns)
2026-04-25 00:02:20 [INFO]   ✓ Cycle complete (79 events, 78 commits, 0 memories)
2026-04-25 00:07:20 [INFO] 💓 Heartbeat #80
2026-04-25 00:07:20 [INFO]   📝 speedrun-2026-04-22.md: 202 lines
2026-04-25 00:07:20 [INFO]   📝 milestones.md: 134 lines
2026-04-25 00:07:20 [INFO]   📝 mem0_save_log.md: 1 lines
2026-04-25 00:07:20 [INFO]   📦 Auto-committed: e57b3ec
2026-04-25 00:07:20 [INFO]   🧠 Local cognition: nominal (no patterns)
2026-04-25 00:07:20 [INFO]   ✓ Cycle complete (80 events, 79 commits, 0 memories)
2026-04-25 00:12:20 [INFO] 💓 Heartbeat #81
2026-04-25 00:12:20 [INFO]   📝 speedrun-2026-04-22.md: 202 lines
2026-04-25 00:12:20 [INFO]   📝 milestones.md: 134 lines
2026-04-25 00:12:20 [INFO]   📝 mem0_save_log.md: 1 lines
2026-04-25 00:12:20 [INFO]   📦 Auto-committed: e57b3ec
2026-04-25 00:12:20 [INFO]   🧠 Local cognition: nominal (no patterns)
2026-04-25 00:12:20 [INFO]   ✓ Cycle complete (81 events, 80 commits, 0 memories)
2026-04-25 00:17:21 [INFO] 💓 Heartbeat #82
2026-04-25 00:17:21 [INFO]   📝 speedrun-2026-04-22.md: 202 lines
2026-04-25 00:17:21 [INFO]   📝 milestones.md: 134 lines
2026-04-25 00:17:21 [INFO]   📝 mem0_save_log.md: 1 lines
2026-04-25 00:17:21 [INFO]   📦 Auto-committed: e57b3ec
2026-04-25 00:17:21 [INFO]   🧠 Local cognition: nominal (no patterns)
2026-04-25 00:17:21 [INFO]   ✓ Cycle complete (82 events, 81 commits, 0 memories)
2026-04-25 00:22:21 [INFO] 💓 Heartbeat #83
2026-04-25 00:22:21 [INFO]   📝 speedrun-2026-04-22.md: 202 lines
2026-04-25 00:22:21 [INFO]   📝 milestones.md: 134 lines
2026-04-25 00:22:21 [INFO]   📝 mem0_save_log.md: 1 lines
2026-04-25 00:22:21 [INFO]   📦 Auto-committed: e57b3ec
2026-04-25 00:22:21 [INFO]   🧠 Local cognition: nominal (no patterns)
2026-04-25 00:22:21 [INFO]   ✓ Cycle complete (83 events, 82 commits, 0 memories)
2026-04-25 00:27:21 [INFO] 💓 Heartbeat #84
2026-04-25 00:27:21 [INFO]   📝 speedrun-2026-04-22.md: 202 lines
2026-04-25 00:27:21 [INFO]   📝 milestones.md: 134 lines
2026-04-25 00:27:21 [INFO]   📝 mem0_save_log.md: 1 lines
2026-04-25 00:27:21 [INFO]   📦 Auto-committed: e57b3ec
2026-04-25 00:27:21 [INFO]   🧠 Local cognition: nominal (no patterns)
2026-04-25 00:27:21 [INFO]   ✓ Cycle complete (84 events, 83 commits, 0 memories)
2026-04-25 00:32:21 [INFO] 💓 Heartbeat #85
2026-04-25 00:32:21 [INFO]   📝 speedrun-2026-04-22.md: 202 lines
2026-04-25 00:32:21 [INFO]   📝 milestones.md: 134 lines
2026-04-25 00:32:21 [INFO]   📝 mem0_save_log.md: 1 lines
2026-04-25 00:32:21 [INFO]   📦 Auto-committed: e57b3ec
2026-04-25 00:32:21 [INFO]   🧠 Local cognition: nominal (no patterns)
2026-04-25 00:32:21 [INFO]   ✓ Cycle complete (85 events, 84 commits, 0 memories)
2026-04-25 00:37:22 [INFO] 💓 Heartbeat #86
2026-04-25 00:37:22 [INFO]   📝 speedrun-2026-04-22.md: 202 lines
2026-04-25 00:37:22 [INFO]   📝 milestones.md: 134 lines
2026-04-25 00:37:22 [INFO]   📝 mem0_save_log.md: 1 lines
2026-04-25 00:37:22 [INFO]   📦 Auto-committed: e57b3ec
2026-04-25 00:37:22 [INFO]   🧠 Local cognition: nominal (no patterns)
2026-04-25 00:37:22 [INFO]   ✓ Cycle complete (86 events, 85 commits, 0 memories)
2026-04-25 00:42:22 [INFO] 💓 Heartbeat #87
2026-04-25 00:42:22 [INFO]   📝 speedrun-2026-04-22.md: 202 lines
2026-04-25 00:42:22 [INFO]   📝 milestones.md: 134 lines
2026-04-25 00:42:22 [INFO]   📝 mem0_save_log.md: 1 lines
2026-04-25 00:42:22 [INFO]   📦 Auto-committed: e57b3ec
2026-04-25 00:42:22 [INFO]   🧠 Local cognition: nominal (no patterns)
2026-04-25 00:42:22 [INFO]   ✓ Cycle complete (87 events, 86 commits, 0 memories)
2026-04-25 00:47:22 [INFO] 💓 Heartbeat #88
2026-04-25 00:47:22 [INFO]   📝 speedrun-2026-04-22.md: 202 lines
2026-04-25 00:47:22 [INFO]   📝 milestones.md: 134 lines
2026-04-25 00:47:22 [INFO]   📝 mem0_save_log.md: 1 lines
2026-04-25 00:47:22 [INFO]   📦 Auto-committed: e57b3ec
2026-04-25 00:47:22 [INFO]   🧠 Local cognition: nominal (no patterns)
2026-04-25 00:47:22 [INFO]   ✓ Cycle complete (88 events, 87 commits, 0 memories)
2026-04-25 00:52:22 [INFO] 💓 Heartbeat #89
2026-04-25 00:52:22 [INFO]   📝 speedrun-2026-04-22.md: 202 lines
2026-04-25 00:52:22 [INFO]   📝 milestones.md: 134 lines
2026-04-25 00:52:22 [INFO]   📝 mem0_save_log.md: 1 lines
2026-04-25 00:52:22 [INFO]   📦 Auto-committed: e57b3ec
2026-04-25 00:52:22 [INFO]   🧠 Local cognition: nominal (no patterns)
2026-04-25 00:52:22 [INFO]   ✓ Cycle complete (89 events, 88 commits, 0 memories)
2026-04-25 00:57:22 [INFO] 💓 Heartbeat #90
2026-04-25 00:57:22 [INFO]   📝 speedrun-2026-04-22.md: 202 lines
2026-04-25 00:57:22 [INFO]   📝 milestones.md: 134 lines
2026-04-25 00:57:22 [INFO]   📝 mem0_save_log.md: 1 lines
2026-04-25 00:57:23 [INFO]   📦 Auto-committed: e57b3ec
2026-04-25 00:57:23 [INFO]   🧠 Local cognition: nominal (no patterns)
2026-04-25 00:57:23 [INFO]   ✓ Cycle complete (90 events, 89 commits, 0 memories)
2026-04-25 01:02:23 [INFO] 💓 Heartbeat #91
2026-04-25 01:02:23 [INFO]   📝 speedrun-2026-04-22.md: 202 lines
2026-04-25 01:02:23 [INFO]   📝 milestones.md: 134 lines
2026-04-25 01:02:23 [INFO]   📝 mem0_save_log.md: 1 lines
2026-04-25 01:02:23 [INFO]   📦 Auto-committed: e57b3ec
2026-04-25 01:02:23 [INFO]   🧠 Local cognition: nominal (no patterns)
2026-04-25 01:02:23 [INFO]   ✓ Cycle complete (91 events, 90 commits, 0 memories)
2026-04-25 01:07:23 [INFO] 💓 Heartbeat #92
2026-04-25 01:07:23 [INFO]   📝 speedrun-2026-04-22.md: 202 lines
2026-04-25 01:07:23 [INFO]   📝 milestones.md: 134 lines
2026-04-25 01:07:23 [INFO]   📝 mem0_save_log.md: 1 lines
2026-04-25 01:07:23 [INFO]   📦 Auto-committed: e57b3ec
2026-04-25 01:07:23 [INFO]   🧠 Local cognition: nominal (no patterns)
2026-04-25 01:07:23 [INFO]   ✓ Cycle complete (92 events, 91 commits, 0 memories)
2026-04-25 01:12:23 [INFO] 💓 Heartbeat #93
2026-04-25 01:12:23 [INFO]   📝 speedrun-2026-04-22.md: 202 lines
2026-04-25 01:12:23 [INFO]   📝 milestones.md: 134 lines
2026-04-25 01:12:23 [INFO]   📝 mem0_save_log.md: 1 lines
2026-04-25 01:12:24 [INFO]   📦 Auto-committed: e57b3ec
2026-04-25 01:12:24 [INFO]   🧠 Local cognition: nominal (no patterns)
2026-04-25 01:12:24 [INFO]   ✓ Cycle complete (93 events, 92 commits, 0 memories)
2026-04-25 01:17:24 [INFO] 💓 Heartbeat #94
2026-04-25 01:17:24 [INFO]   📝 speedrun-2026-04-22.md: 202 lines
2026-04-25 01:17:24 [INFO]   📝 milestones.md: 134 lines
2026-04-25 01:17:24 [INFO]   📝 mem0_save_log.md: 1 lines
2026-04-25 01:17:24 [INFO]   📦 Auto-committed: e57b3ec
2026-04-25 01:17:24 [INFO]   🧠 Local cognition: nominal (no patterns)
2026-04-25 01:17:24 [INFO]   ✓ Cycle complete (94 events, 93 commits, 0 memories)
2026-04-25 01:22:24 [INFO] 💓 Heartbeat #95
2026-04-25 01:22:24 [INFO]   📝 speedrun-2026-04-22.md: 202 lines
2026-04-25 01:22:24 [INFO]   📝 milestones.md: 134 lines
2026-04-25 01:22:24 [INFO]   📝 mem0_save_log.md: 1 lines
2026-04-25 01:22:25 [INFO]   📦 Auto-committed: e57b3ec
2026-04-25 01:22:25 [INFO]   🧠 Local cognition: nominal (no patterns)
2026-04-25 01:22:25 [INFO]   ✓ Cycle complete (95 events, 94 commits, 0 memories)
2026-04-25 01:27:25 [INFO] 💓 Heartbeat #96
2026-04-25 01:27:25 [INFO]   📝 speedrun-2026-04-22.md: 202 lines
2026-04-25 01:27:25 [INFO]   📝 milestones.md: 134 lines
2026-04-25 01:27:25 [INFO]   📝 mem0_save_log.md: 1 lines
2026-04-25 01:27:26 [INFO]   📦 Auto-committed: e57b3ec
2026-04-25 01:27:26 [INFO]   🧠 Local cognition: nominal (no patterns)
2026-04-25 01:27:26 [INFO]   ✓ Cycle complete (96 events, 95 commits, 0 memories)
2026-04-25 01:32:26 [INFO] 💓 Heartbeat #97
2026-04-25 01:32:26 [INFO]   📝 speedrun-2026-04-22.md: 202 lines
2026-04-25 01:32:26 [INFO]   📝 milestones.md: 134 lines
2026-04-25 01:32:26 [INFO]   📝 mem0_save_log.md: 1 lines
2026-04-25 01:32:26 [INFO]   📦 Auto-committed: e57b3ec
2026-04-25 01:32:26 [INFO]   🧠 Local cognition: nominal (no patterns)
2026-04-25 01:32:26 [INFO]   ✓ Cycle complete (97 events, 96 commits, 0 memories)
2026-04-25 01:37:27 [INFO] 💓 Heartbeat #98
2026-04-25 01:37:27 [INFO]   📝 speedrun-2026-04-22.md: 202 lines
2026-04-25 01:37:27 [INFO]   📝 milestones.md: 134 lines
2026-04-25 01:37:27 [INFO]   📝 mem0_save_log.md: 1 lines
2026-04-25 01:37:27 [INFO]   📦 Auto-committed: e57b3ec
2026-04-25 01:37:27 [INFO]   🧠 Local cognition: nominal (no patterns)
2026-04-25 01:37:27 [INFO]   ✓ Cycle complete (98 events, 97 commits, 0 memories)
2026-04-25 01:42:27 [INFO] 💓 Heartbeat #99
2026-04-25 01:42:27 [INFO]   📝 speedrun-2026-04-22.md: 202 lines
2026-04-25 01:42:27 [INFO]   📝 milestones.md: 134 lines
2026-04-25 01:42:27 [INFO]   📝 mem0_save_log.md: 1 lines
2026-04-25 01:42:27 [INFO]   📦 Auto-committed: e57b3ec
2026-04-25 01:42:27 [INFO]   🧠 Local cognition: nominal (no patterns)
2026-04-25 01:42:27 [INFO]   ✓ Cycle complete (99 events, 98 commits, 0 memories)
2026-04-25 01:47:27 [INFO] 💓 Heartbeat #100
2026-04-25 01:47:27 [INFO]   📝 speedrun-2026-04-22.md: 202 lines
2026-04-25 01:47:27 [INFO]   📝 milestones.md: 134 lines
2026-04-25 01:47:27 [INFO]   📝 mem0_save_log.md: 1 lines
2026-04-25 01:47:28 [INFO]   📦 Auto-committed: e57b3ec
2026-04-25 01:47:28 [INFO]   🧠 Local cognition: nominal (no patterns)
2026-04-25 01:47:28 [INFO]   ✓ Cycle complete (100 events, 99 commits, 0 memories)
2026-04-25 01:52:28 [INFO] 💓 Heartbeat #101
2026-04-25 01:52:28 [INFO]   📝 speedrun-2026-04-22.md: 202 lines
2026-04-25 01:52:28 [INFO]   📝 milestones.md: 134 lines
2026-04-25 01:52:28 [INFO]   📝 mem0_save_log.md: 1 lines
2026-04-25 01:52:28 [INFO]   📦 Auto-committed: e57b3ec
2026-04-25 01:52:28 [INFO]   🧠 Local cognition: nominal (no patterns)
2026-04-25 01:52:28 [INFO]   ✓ Cycle complete (101 events, 100 commits, 0 memories)
2026-04-25 01:57:28 [INFO] 💓 Heartbeat #102
2026-04-25 01:57:28 [INFO]   📝 speedrun-2026-04-22.md: 202 lines
2026-04-25 01:57:28 [INFO]   📝 milestones.md: 134 lines
2026-04-25 01:57:28 [INFO]   📝 mem0_save_log.md: 1 lines
2026-04-25 01:57:28 [INFO]   📦 Auto-committed: e57b3ec
2026-04-25 01:57:28 [INFO]   🧠 Local cognition: nominal (no patterns)
2026-04-25 01:57:28 [INFO]   ✓ Cycle complete (102 events, 101 commits, 0 memories)
2026-04-25 02:02:28 [INFO] 💓 Heartbeat #103
2026-04-25 02:02:28 [INFO]   📝 speedrun-2026-04-22.md: 202 lines
2026-04-25 02:02:28 [INFO]   📝 milestones.md: 134 lines
2026-04-25 02:02:28 [INFO]   📝 mem0_save_log.md: 1 lines
2026-04-25 02:02:28 [INFO]   📦 Auto-committed: e57b3ec
2026-04-25 02:02:28 [INFO]   🧠 Local cognition: nominal (no patterns)
2026-04-25 02:02:28 [INFO]   ✓ Cycle complete (103 events, 102 commits, 0 memories)
2026-04-25 02:07:28 [INFO] 💓 Heartbeat #104
2026-04-25 02:07:28 [INFO]   📝 speedrun-2026-04-22.md: 202 lines
2026-04-25 02:07:28 [INFO]   📝 milestones.md: 134 lines
2026-04-25 02:07:28 [INFO]   📝 mem0_save_log.md: 1 lines
2026-04-25 02:07:29 [INFO]   📦 Auto-committed: e57b3ec
2026-04-25 02:07:29 [INFO]   🧠 Local cognition: nominal (no patterns)
2026-04-25 02:07:29 [INFO]   ✓ Cycle complete (104 events, 103 commits, 0 memories)
2026-04-25 02:12:29 [INFO] 💓 Heartbeat #105
2026-04-25 02:12:29 [INFO]   📝 speedrun-2026-04-22.md: 202 lines
2026-04-25 02:12:29 [INFO]   📝 milestones.md: 134 lines
2026-04-25 02:12:29 [INFO]   📝 mem0_save_log.md: 1 lines
2026-04-25 02:12:29 [INFO]   📦 Auto-committed: e57b3ec
2026-04-25 02:12:29 [INFO]   🧠 Local cognition: nominal (no patterns)
2026-04-25 02:12:29 [INFO]   ✓ Cycle complete (105 events, 104 commits, 0 memories)
2026-04-27 02:32:39 [INFO] ============================================================
2026-04-27 02:32:39 [INFO] ⚡ MORPHEUS DAEMON v0.2.0 booting
2026-04-27 02:32:39 [INFO]   Workspace: /root/.openclaw/workspace
2026-04-27 02:32:39 [INFO]   Spine: /root/.openclaw/workspace/soul/cognition/morpheus_spine.jsonl
2026-04-27 02:32:39 [INFO]   Interval: 300s
2026-04-27 02:32:39 [INFO]   Degradation: FULL
2026-04-27 02:32:39 [INFO] ============================================================
2026-04-27 02:32:39 [INFO] 💓 Heartbeat #106
2026-04-27 02:32:39 [INFO]   Strongest memories: last_boot(0.95)
2026-04-27 02:32:39 [INFO]   📝 speedrun-2026-04-22.md: 202 lines
2026-04-27 02:32:39 [INFO]   📝 milestones.md: 240 lines
2026-04-27 02:32:39 [INFO]   📝 mem0_save_report.md: 11 lines
2026-04-27 02:32:39 [INFO]   📦 Auto-committed: e57b3ec
2026-04-27 02:32:39 [INFO]   🧠 Local cognition: nominal (no patterns)
2026-04-27 02:32:39 [INFO]   ✓ Cycle complete (106 events, 105 commits, 1 memories)
2026-04-27 02:37:39 [INFO] 💓 Heartbeat #107
2026-04-27 02:37:39 [INFO]   Strongest memories: last_boot(0.90)
2026-04-27 02:37:39 [INFO]   📝 speedrun-2026-04-22.md: 202 lines
2026-04-27 02:37:39 [INFO]   📝 milestones.md: 240 lines
2026-04-27 02:37:39 [INFO]   📝 mem0_save_report.md: 11 lines
2026-04-27 02:37:40 [INFO]   📦 Auto-committed: e57b3ec
2026-04-27 02:37:40 [INFO]   🧠 Local cognition: nominal (no patterns)
2026-04-27 02:37:40 [INFO]   ✓ Cycle complete (107 events, 106 commits, 1 memories)
2026-04-27 02:42:40 [INFO] 💓 Heartbeat #108
2026-04-27 02:42:40 [INFO]   Strongest memories: last_boot(0.86)
2026-04-27 02:42:40 [INFO]   📝 speedrun-2026-04-22.md: 202 lines
2026-04-27 02:42:40 [INFO]   📝 milestones.md: 240 lines
2026-04-27 02:42:40 [INFO]   📝 mem0_save_report.md: 11 lines
2026-04-27 02:42:40 [INFO]   📦 Auto-committed: e57b3ec
2026-04-27 02:42:40 [INFO]   🧠 Local cognition: nominal (no patterns)
2026-04-27 02:42:40 [INFO]   ✓ Cycle complete (108 events, 107 commits, 1 memories)
2026-04-27 02:47:40 [INFO] 💓 Heartbeat #109
2026-04-27 02:47:40 [INFO]   Strongest memories: last_boot(0.81)
2026-04-27 02:47:40 [INFO]   📝 speedrun-2026-04-22.md: 202 lines
2026-04-27 02:47:40 [INFO]   📝 milestones.md: 240 lines
2026-04-27 02:47:40 [INFO]   📝 mem0_save_report.md: 11 lines
2026-04-27 02:47:41 [INFO]   📦 Auto-committed: e57b3ec
2026-04-27 02:47:41 [INFO]   🧠 Local cognition: nominal (no patterns)
2026-04-27 02:47:41 [INFO]   ✓ Cycle complete (109 events, 108 commits, 1 memories)
2026-04-27 02:52:41 [INFO] 💓 Heartbeat #110
2026-04-27 02:52:41 [INFO]   Strongest memories: last_boot(0.77)
2026-04-27 02:52:41 [INFO]   📝 speedrun-2026-04-22.md: 202 lines
2026-04-27 02:52:41 [INFO]   📝 milestones.md: 240 lines
2026-04-27 02:52:41 [INFO]   📝 mem0_save_report.md: 11 lines
2026-04-27 02:52:41 [INFO]   📦 Auto-committed: e57b3ec
2026-04-27 02:52:41 [INFO]   🧠 Local cognition: nominal (no patterns)
2026-04-27 02:52:41 [INFO]   ✓ Cycle complete (110 events, 109 commits, 1 memories)
2026-04-27 02:57:41 [INFO] 💓 Heartbeat #111
2026-04-27 02:57:41 [INFO]   Strongest memories: last_boot(0.74)
2026-04-27 02:57:41 [INFO]   📝 speedrun-2026-04-22.md: 202 lines
2026-04-27 02:57:41 [INFO]   📝 milestones.md: 240 lines
2026-04-27 02:57:41 [INFO]   📝 mem0_save_report.md: 11 lines
2026-04-27 02:57:41 [INFO]   📦 Auto-committed: e57b3ec
2026-04-27 02:57:41 [INFO]   🧠 Local cognition: nominal (no patterns)
2026-04-27 02:57:41 [INFO]   ✓ Cycle complete (111 events, 110 commits, 1 memories)
2026-04-27 03:02:42 [INFO] 💓 Heartbeat #112
2026-04-27 03:02:42 [INFO]   Strongest memories: last_boot(0.70)
2026-04-27 03:02:42 [INFO]   📝 speedrun-2026-04-22.md: 202 lines
2026-04-27 03:02:42 [INFO]   📝 milestones.md: 240 lines
2026-04-27 03:02:42 [INFO]   📝 mem0_save_report.md: 11 lines
2026-04-27 03:02:42 [INFO]   📦 Auto-committed: e57b3ec
2026-04-27 03:02:42 [INFO]   🧠 Local cognition: nominal (no patterns)
2026-04-27 03:02:42 [INFO]   ✓ Cycle complete (112 events, 111 commits, 1 memories)
2026-04-27 03:07:42 [INFO] 💓 Heartbeat #113
2026-04-27 03:07:42 [INFO]   Strongest memories: last_boot(0.66)
2026-04-27 03:07:42 [INFO]   📝 speedrun-2026-04-22.md: 202 lines
2026-04-27 03:07:42 [INFO]   📝 milestones.md: 240 lines
2026-04-27 03:07:42 [INFO]   📝 mem0_save_report.md: 11 lines
2026-04-27 03:07:42 [INFO]   📦 Auto-committed: e57b3ec
2026-04-27 03:07:42 [INFO]   🧠 Local cognition: nominal (no patterns)
2026-04-27 03:07:42 [INFO]   ✓ Cycle complete (113 events, 112 commits, 1 memories)
2026-04-27 03:14:01 [INFO] 💓 Heartbeat #114
2026-04-27 03:14:40 [INFO]   Strongest memories: last_boot(0.63)
2026-04-27 03:14:56 [INFO]   📝 speedrun-2026-04-22.md: 202 lines
2026-04-27 03:15:11 [INFO]   📝 milestones.md: 240 lines
2026-04-27 03:15:20 [INFO]   📝 mem0_save_report.md: 11 lines
