[2026-04-20T18:55:21.457199] === AI Research Lab Cycle ===
[2026-04-20T18:55:21.457276] === Experiment: agent_memory_retrieval ===
[2026-04-20T18:55:21.457307]   Testing: semantic retrieval
[2026-04-20T18:55:21.457333]   Testing: keyword retrieval
[2026-04-20T18:55:21.457359]   Testing: hybrid retrieval
[2026-04-20T18:55:21.457384]   Testing: recent retrieval
[2026-04-20T18:55:21.457410] === Experiment: code_generation_quality ===
[2026-04-20T18:55:21.457436]   Generating code for: Write a function that counts word frequency in text
[2026-04-20T18:55:21.457464] === Experiment: model_routing_decisions ===
[2026-04-20T18:55:21.457490] === Experiment: hybrid_quantum_algorithms ===
[2026-04-20T18:55:21.457513]   Testing hybrid for: optimization
[2026-04-20T18:55:21.457537]   Testing hybrid for: search
[2026-04-20T18:55:21.457560]   Testing hybrid for: simulation
[2026-04-20T18:55:21.457582]   Testing hybrid for: machine_learning
[2026-04-20T18:55:21.457605] === Experiment: streaming_reasoning ===
[2026-04-20T18:55:21.457638] === Research Complete: 5 experiments ===
[2026-04-20T21:28:30.650226] === AI Research Lab Cycle ===
[2026-04-20T21:28:30.650307] === Experiment: agent_memory_retrieval ===
[2026-04-20T21:28:30.650340]   Testing: semantic retrieval
[2026-04-20T21:28:30.650371]   Testing: keyword retrieval
[2026-04-20T21:28:30.650400]   Testing: hybrid retrieval
[2026-04-20T21:28:30.650427]   Testing: recent retrieval
[2026-04-20T21:28:30.650457] === Experiment: code_generation_quality ===
[2026-04-20T21:28:30.650486]   Generating code for: Write a function that counts word frequency in text
[2026-04-20T21:28:30.650518] === Experiment: model_routing_decisions ===
[2026-04-20T21:28:30.650549] === Experiment: hybrid_quantum_algorithms ===
[2026-04-20T21:28:30.650576]   Testing hybrid for: optimization
[2026-04-20T21:28:30.650603]   Testing hybrid for: search
[2026-04-20T21:28:30.650630]   Testing hybrid for: simulation
[2026-04-20T21:28:30.650656]   Testing hybrid for: machine_learning
[2026-04-20T21:28:30.650684] === Experiment: streaming_reasoning ===
[2026-04-20T21:28:30.650721] === Research Complete: 5 experiments ===
[2026-04-21T01:28:13.613445] === AI Research Lab Cycle ===
[2026-04-21T01:28:13.613615] === Experiment: agent_memory_retrieval ===
[2026-04-21T01:28:13.613653]   Testing: semantic retrieval
[2026-04-21T01:28:13.613684]   Testing: keyword retrieval
[2026-04-21T01:28:13.613713]   Testing: hybrid retrieval
[2026-04-21T01:28:13.613740]   Testing: recent retrieval
[2026-04-21T01:28:13.613770] === Experiment: code_generation_quality ===
[2026-04-21T01:28:13.613799]   Generating code for: Write a function that counts word frequency in text
[2026-04-21T01:28:13.613830] === Experiment: model_routing_decisions ===
[2026-04-21T01:28:13.613861] === Experiment: hybrid_quantum_algorithms ===
[2026-04-21T01:28:13.613887]   Testing hybrid for: optimization
[2026-04-21T01:28:13.613913]   Testing hybrid for: search
[2026-04-21T01:28:13.613939]   Testing hybrid for: simulation
[2026-04-21T01:28:13.613965]   Testing hybrid for: machine_learning
[2026-04-21T01:28:13.613992] === Experiment: streaming_reasoning ===
[2026-04-21T01:28:13.614029] === Research Complete: 5 experiments ===
[2026-04-21T05:28:16.422204] === AI Research Lab Cycle ===
[2026-04-21T05:28:16.422430] === Experiment: agent_memory_retrieval ===
[2026-04-21T05:28:16.422472]   Testing: semantic retrieval
[2026-04-21T05:28:16.422505]   Testing: keyword retrieval
[2026-04-21T05:28:16.422534]   Testing: hybrid retrieval
[2026-04-21T05:28:16.422562]   Testing: recent retrieval
[2026-04-21T05:28:16.422592] === Experiment: code_generation_quality ===
[2026-04-21T05:28:16.422623]   Generating code for: Write a function that counts word frequency in text
[2026-04-21T05:28:16.422655] === Experiment: model_routing_decisions ===
[2026-04-21T05:28:16.422685] === Experiment: hybrid_quantum_algorithms ===
[2026-04-21T05:28:16.422712]   Testing hybrid for: optimization
[2026-04-21T05:28:16.422739]   Testing hybrid for: search
[2026-04-21T05:28:16.422767]   Testing hybrid for: simulation
[2026-04-21T05:28:16.422809]   Testing hybrid for: machine_learning
[2026-04-21T05:28:16.422836] === Experiment: streaming_reasoning ===
[2026-04-21T05:28:16.422870] === Research Complete: 5 experiments ===
[2026-04-21T09:29:44.449184] === AI Research Lab Cycle ===
[2026-04-21T09:29:44.449430] === Experiment: agent_memory_retrieval ===
[2026-04-21T09:29:44.449471]   Testing: semantic retrieval
[2026-04-21T09:29:44.449504]   Testing: keyword retrieval
[2026-04-21T09:29:44.449533]   Testing: hybrid retrieval
[2026-04-21T09:29:44.449561]   Testing: recent retrieval
[2026-04-21T09:29:44.449592] === Experiment: code_generation_quality ===
[2026-04-21T09:29:44.449622]   Generating code for: Write a function that counts word frequency in text
[2026-04-21T09:29:44.449653] === Experiment: model_routing_decisions ===
[2026-04-21T09:29:44.449684] === Experiment: hybrid_quantum_algorithms ===
[2026-04-21T09:29:44.449711]   Testing hybrid for: optimization
[2026-04-21T09:29:44.449738]   Testing hybrid for: search
[2026-04-21T09:29:44.449795]   Testing hybrid for: simulation
[2026-04-21T09:29:44.449835]   Testing hybrid for: machine_learning
[2026-04-21T09:29:44.449866] === Experiment: streaming_reasoning ===
[2026-04-21T09:29:44.449905] === Research Complete: 5 experiments ===
[2026-04-21T13:34:12.455203] === AI Research Lab Cycle ===
[2026-04-21T13:34:12.456168] === Experiment: agent_memory_retrieval ===
[2026-04-21T13:34:12.456209]   Testing: semantic retrieval
[2026-04-21T13:34:12.456262]   Testing: keyword retrieval
[2026-04-21T13:34:12.456300]   Testing: hybrid retrieval
[2026-04-21T13:34:12.456331]   Testing: recent retrieval
[2026-04-21T13:34:12.456363] === Experiment: code_generation_quality ===
[2026-04-21T13:34:12.456394]   Generating code for: Write a function that counts word frequency in text
[2026-04-21T13:34:12.456428] === Experiment: model_routing_decisions ===
[2026-04-21T13:34:12.456460] === Experiment: hybrid_quantum_algorithms ===
[2026-04-21T13:34:12.456490]   Testing hybrid for: optimization
[2026-04-21T13:34:12.456531]   Testing hybrid for: search
[2026-04-21T13:34:12.456569]   Testing hybrid for: simulation
[2026-04-21T13:34:12.456610]   Testing hybrid for: machine_learning
[2026-04-21T13:34:12.456642] === Experiment: streaming_reasoning ===
[2026-04-21T13:34:12.456680] === Research Complete: 5 experiments ===
[2026-04-21T17:47:21.977168] === AI Research Lab Cycle ===
[2026-04-21T17:47:21.977520] === Experiment: agent_memory_retrieval ===
[2026-04-21T17:47:21.977559]   Testing: semantic retrieval
[2026-04-21T17:47:21.977592]   Testing: keyword retrieval
[2026-04-21T17:47:21.977620]   Testing: hybrid retrieval
[2026-04-21T17:47:21.977647]   Testing: recent retrieval
[2026-04-21T17:47:21.977677] === Experiment: code_generation_quality ===
[2026-04-21T17:47:21.977706]   Generating code for: Write a function that counts word frequency in text
[2026-04-21T17:47:21.977738] === Experiment: model_routing_decisions ===
[2026-04-21T17:47:21.977768] === Experiment: hybrid_quantum_algorithms ===
[2026-04-21T17:47:21.977794]   Testing hybrid for: optimization
[2026-04-21T17:47:21.977821]   Testing hybrid for: search
[2026-04-21T17:47:21.977846]   Testing hybrid for: simulation
[2026-04-21T17:47:21.977872]   Testing hybrid for: machine_learning
[2026-04-21T17:47:21.977900] === Experiment: streaming_reasoning ===
[2026-04-21T17:47:21.977936] === Research Complete: 5 experiments ===
[2026-04-21T22:06:17.278924] === AI Research Lab Cycle ===
[2026-04-21T22:06:17.279424] === Experiment: agent_memory_retrieval ===
[2026-04-21T22:06:17.279464]   Testing: semantic retrieval
[2026-04-21T22:06:17.279496]   Testing: keyword retrieval
[2026-04-21T22:06:17.279526]   Testing: hybrid retrieval
[2026-04-21T22:06:17.279553]   Testing: recent retrieval
[2026-04-21T22:06:17.279583] === Experiment: code_generation_quality ===
[2026-04-21T22:06:17.279611]   Generating code for: Write a function that counts word frequency in text
[2026-04-21T22:06:17.279643] === Experiment: model_routing_decisions ===
[2026-04-21T22:06:17.279673] === Experiment: hybrid_quantum_algorithms ===
[2026-04-21T22:06:17.279711]   Testing hybrid for: optimization
[2026-04-21T22:06:17.279736]   Testing hybrid for: search
[2026-04-21T22:06:17.279758]   Testing hybrid for: simulation
[2026-04-21T22:06:17.279780]   Testing hybrid for: machine_learning
[2026-04-21T22:06:17.279805] === Experiment: streaming_reasoning ===
[2026-04-21T22:06:17.279838] === Research Complete: 5 experiments ===
[2026-04-22T02:22:33.834763] === AI Research Lab Cycle ===
[2026-04-22T02:22:33.835073] === Experiment: agent_memory_retrieval ===
[2026-04-22T02:22:33.835120]   Testing: semantic retrieval
[2026-04-22T02:22:33.835154]   Testing: keyword retrieval
[2026-04-22T02:22:33.835183]   Testing: hybrid retrieval
[2026-04-22T02:22:33.835211]   Testing: recent retrieval
[2026-04-22T02:22:33.835241] === Experiment: code_generation_quality ===
[2026-04-22T02:22:33.835272]   Generating code for: Write a function that counts word frequency in text
[2026-04-22T02:22:33.835304] === Experiment: model_routing_decisions ===
[2026-04-22T02:22:33.835334] === Experiment: hybrid_quantum_algorithms ===
[2026-04-22T02:22:33.835361]   Testing hybrid for: optimization
[2026-04-22T02:22:33.835388]   Testing hybrid for: search
[2026-04-22T02:22:33.835414]   Testing hybrid for: simulation
[2026-04-22T02:22:33.835439]   Testing hybrid for: machine_learning
[2026-04-22T02:22:33.835467] === Experiment: streaming_reasoning ===
[2026-04-22T02:22:33.835505] === Research Complete: 5 experiments ===
[2026-04-22T06:26:25.845122] === AI Research Lab Cycle ===
[2026-04-22T06:26:25.845446] === Experiment: agent_memory_retrieval ===
[2026-04-22T06:26:25.845484]   Testing: semantic retrieval
[2026-04-22T06:26:25.845514]   Testing: keyword retrieval
[2026-04-22T06:26:25.845541]   Testing: hybrid retrieval
[2026-04-22T06:26:25.845568]   Testing: recent retrieval
[2026-04-22T06:26:25.845597] === Experiment: code_generation_quality ===
[2026-04-22T06:26:25.845625]   Generating code for: Write a function that counts word frequency in text
[2026-04-22T06:26:25.845656] === Experiment: model_routing_decisions ===
[2026-04-22T06:26:25.845687] === Experiment: hybrid_quantum_algorithms ===
[2026-04-22T06:26:25.845713]   Testing hybrid for: optimization
[2026-04-22T06:26:25.845740]   Testing hybrid for: search
[2026-04-22T06:26:25.845800]   Testing hybrid for: simulation
[2026-04-22T06:26:25.845832]   Testing hybrid for: machine_learning
[2026-04-22T06:26:25.845860] === Experiment: streaming_reasoning ===
[2026-04-22T06:26:25.845897] === Research Complete: 5 experiments ===
[2026-04-22T10:23:47.924834] === AI Research Lab Cycle ===
[2026-04-22T10:23:47.926087] === Experiment: agent_memory_retrieval ===
[2026-04-22T10:23:47.926153]   Testing: semantic retrieval
[2026-04-22T10:23:47.926203]   Testing: keyword retrieval
[2026-04-22T10:23:47.926250]   Testing: hybrid retrieval
[2026-04-22T10:23:47.926294]   Testing: recent retrieval
[2026-04-22T10:23:47.926343] === Experiment: code_generation_quality ===
[2026-04-22T10:23:47.926389]   Generating code for: Write a function that counts word frequency in text
[2026-04-22T10:23:47.926438] === Experiment: model_routing_decisions ===
[2026-04-22T10:23:47.926486] === Experiment: hybrid_quantum_algorithms ===
[2026-04-22T10:23:47.926527]   Testing hybrid for: optimization
[2026-04-22T10:23:47.926569]   Testing hybrid for: search
[2026-04-22T10:23:47.926610]   Testing hybrid for: simulation
[2026-04-22T10:23:47.926651]   Testing hybrid for: machine_learning
[2026-04-22T10:23:47.926704] === Experiment: streaming_reasoning ===
[2026-04-22T10:23:47.926794] === Research Complete: 5 experiments ===
[2026-04-22T14:25:02.584878] === AI Research Lab Cycle ===
[2026-04-22T14:25:02.584962] === Experiment: agent_memory_retrieval ===
[2026-04-22T14:25:02.584997]   Testing: semantic retrieval
[2026-04-22T14:25:02.585028]   Testing: keyword retrieval
[2026-04-22T14:25:02.585057]   Testing: hybrid retrieval
[2026-04-22T14:25:02.585086]   Testing: recent retrieval
[2026-04-22T14:25:02.585116] === Experiment: code_generation_quality ===
[2026-04-22T14:25:02.585160]   Generating code for: Write a function that counts word frequency in text
[2026-04-22T14:25:02.585190] === Experiment: model_routing_decisions ===
[2026-04-22T14:25:02.585218] === Experiment: hybrid_quantum_algorithms ===
[2026-04-22T14:25:02.585242]   Testing hybrid for: optimization
[2026-04-22T14:25:02.585267]   Testing hybrid for: search
[2026-04-22T14:25:02.585290]   Testing hybrid for: simulation
[2026-04-22T14:25:02.585313]   Testing hybrid for: machine_learning
[2026-04-22T14:25:02.585338] === Experiment: streaming_reasoning ===
[2026-04-22T14:25:02.585372] === Research Complete: 5 experiments ===
[2026-04-22T18:25:21.791438] === AI Research Lab Cycle ===
[2026-04-22T18:25:21.791527] === Experiment: agent_memory_retrieval ===
[2026-04-22T18:25:21.791561]   Testing: semantic retrieval
[2026-04-22T18:25:21.791591]   Testing: keyword retrieval
[2026-04-22T18:25:21.791620]   Testing: hybrid retrieval
[2026-04-22T18:25:21.791647]   Testing: recent retrieval
[2026-04-22T18:25:21.791677] === Experiment: code_generation_quality ===
[2026-04-22T18:25:21.791706]   Generating code for: Write a function that counts word frequency in text
[2026-04-22T18:25:21.791737] === Experiment: model_routing_decisions ===
[2026-04-22T18:25:21.791767] === Experiment: hybrid_quantum_algorithms ===
[2026-04-22T18:25:21.791793]   Testing hybrid for: optimization
[2026-04-22T18:25:21.791820]   Testing hybrid for: search
[2026-04-22T18:25:21.791846]   Testing hybrid for: simulation
[2026-04-22T18:25:21.791871]   Testing hybrid for: machine_learning
[2026-04-22T18:25:21.791898] === Experiment: streaming_reasoning ===
[2026-04-22T18:25:21.791935] === Research Complete: 5 experiments ===
[2026-04-22T22:25:33.521913] === AI Research Lab Cycle ===
[2026-04-22T22:25:33.522000] === Experiment: agent_memory_retrieval ===
[2026-04-22T22:25:33.522034]   Testing: semantic retrieval
[2026-04-22T22:25:33.522066]   Testing: keyword retrieval
[2026-04-22T22:25:33.522095]   Testing: hybrid retrieval
[2026-04-22T22:25:33.522122]   Testing: recent retrieval
[2026-04-22T22:25:33.522152] === Experiment: code_generation_quality ===
[2026-04-22T22:25:33.522181]   Generating code for: Write a function that counts word frequency in text
[2026-04-22T22:25:33.522213] === Experiment: model_routing_decisions ===
[2026-04-22T22:25:33.522244] === Experiment: hybrid_quantum_algorithms ===
[2026-04-22T22:25:33.522270]   Testing hybrid for: optimization
[2026-04-22T22:25:33.522298]   Testing hybrid for: search
[2026-04-22T22:25:33.522324]   Testing hybrid for: simulation
[2026-04-22T22:25:33.522350]   Testing hybrid for: machine_learning
[2026-04-22T22:25:33.522378] === Experiment: streaming_reasoning ===
[2026-04-22T22:25:33.522421] === Research Complete: 5 experiments ===
[2026-04-23T04:13:38.522429] === AI Research Lab Cycle ===
[2026-04-23T04:13:38.523198] === Experiment: agent_memory_retrieval ===
[2026-04-23T04:13:38.523248]   Testing: semantic retrieval
[2026-04-23T04:13:38.523287]   Testing: keyword retrieval
[2026-04-23T04:13:38.523320]   Testing: hybrid retrieval
[2026-04-23T04:13:38.523903]   Testing: recent retrieval
[2026-04-23T04:13:38.523994] === Experiment: code_generation_quality ===
[2026-04-23T04:13:38.524054]   Generating code for: Write a function that counts word frequency in text
[2026-04-23T04:13:38.524104] === Experiment: model_routing_decisions ===
[2026-04-23T04:13:38.524152] === Experiment: hybrid_quantum_algorithms ===
[2026-04-23T04:13:38.524195]   Testing hybrid for: optimization
[2026-04-23T04:13:38.524268]   Testing hybrid for: search
[2026-04-23T04:13:38.524306]   Testing hybrid for: simulation
[2026-04-23T04:13:38.524342]   Testing hybrid for: machine_learning
[2026-04-23T04:13:38.524389] === Experiment: streaming_reasoning ===
[2026-04-23T04:13:38.524444] === Research Complete: 5 experiments ===
[2026-04-23T08:17:11.764182] === AI Research Lab Cycle ===
[2026-04-23T08:17:11.764264] === Experiment: agent_memory_retrieval ===
[2026-04-23T08:17:11.764298]   Testing: semantic retrieval
[2026-04-23T08:17:11.764329]   Testing: keyword retrieval
[2026-04-23T08:17:11.764371]   Testing: hybrid retrieval
[2026-04-23T08:17:11.764398]   Testing: recent retrieval
[2026-04-23T08:17:11.764425] === Experiment: code_generation_quality ===
[2026-04-23T08:17:11.764452]   Generating code for: Write a function that counts word frequency in text
[2026-04-23T08:17:11.764480] === Experiment: model_routing_decisions ===
[2026-04-23T08:17:11.764507] === Experiment: hybrid_quantum_algorithms ===
[2026-04-23T08:17:11.764531]   Testing hybrid for: optimization
[2026-04-23T08:17:11.764554]   Testing hybrid for: search
[2026-04-23T08:17:11.764577]   Testing hybrid for: simulation
[2026-04-23T08:17:11.764599]   Testing hybrid for: machine_learning
[2026-04-23T08:17:11.764624] === Experiment: streaming_reasoning ===
[2026-04-23T08:17:11.764651] === Research Complete: 5 experiments ===
[2026-04-24T00:50:03.138992] === AI Research Lab Cycle ===
[2026-04-24T00:50:03.139299] === Experiment: agent_memory_retrieval ===
[2026-04-24T00:50:03.139354]   Testing: semantic retrieval
[2026-04-24T00:50:03.139406]   Testing: keyword retrieval
[2026-04-24T00:50:03.139455]   Testing: hybrid retrieval
[2026-04-24T00:50:03.139503]   Testing: recent retrieval
[2026-04-24T00:50:03.139556] === Experiment: code_generation_quality ===
[2026-04-24T00:50:03.139596]   Generating code for: Write a function that counts word frequency in text
[2026-04-24T00:50:03.139644] === Experiment: model_routing_decisions ===
[2026-04-24T00:50:03.139738] === Experiment: hybrid_quantum_algorithms ===
[2026-04-24T00:50:03.139769]   Testing hybrid for: optimization
[2026-04-24T00:50:03.139799]   Testing hybrid for: search
[2026-04-24T00:50:03.139845]   Testing hybrid for: simulation
[2026-04-24T00:50:03.139882]   Testing hybrid for: machine_learning
[2026-04-24T00:50:03.139913] === Experiment: streaming_reasoning ===
[2026-04-24T00:50:03.139953] === Research Complete: 5 experiments ===
[2026-04-24T12:49:43.922867] === AI Research Lab Cycle ===
[2026-04-24T12:49:43.922951] === Experiment: agent_memory_retrieval ===
[2026-04-24T12:49:43.922986]   Testing: semantic retrieval
[2026-04-24T12:49:43.923045]   Testing: keyword retrieval
[2026-04-24T12:49:43.923076]   Testing: hybrid retrieval
[2026-04-24T12:49:43.923104]   Testing: recent retrieval
[2026-04-24T12:49:43.923134] === Experiment: code_generation_quality ===
[2026-04-24T12:49:43.923163]   Generating code for: Write a function that counts word frequency in text
[2026-04-24T12:49:43.923197] === Experiment: model_routing_decisions ===
[2026-04-24T12:49:43.923244] === Experiment: hybrid_quantum_algorithms ===
[2026-04-24T12:49:43.923287]   Testing hybrid for: optimization
[2026-04-24T12:49:43.923331]   Testing hybrid for: search
[2026-04-24T12:49:43.923376]   Testing hybrid for: simulation
[2026-04-24T12:49:43.923406]   Testing hybrid for: machine_learning
[2026-04-24T12:49:43.923436] === Experiment: streaming_reasoning ===
[2026-04-24T12:49:43.923468] === Research Complete: 5 experiments ===
[2026-04-25T00:56:25.746940] === AI Research Lab Cycle ===
[2026-04-25T00:56:25.747043] === Experiment: agent_memory_retrieval ===
[2026-04-25T00:56:25.747079]   Testing: semantic retrieval
[2026-04-25T00:56:25.747111]   Testing: keyword retrieval
[2026-04-25T00:56:25.747142]   Testing: hybrid retrieval
[2026-04-25T00:56:25.747171]   Testing: recent retrieval
[2026-04-25T00:56:25.747202] === Experiment: code_generation_quality ===
[2026-04-25T00:56:25.747231]   Generating code for: Write a function that counts word frequency in text
[2026-04-25T00:56:25.747264] === Experiment: model_routing_decisions ===
[2026-04-25T00:56:25.747294] === Experiment: hybrid_quantum_algorithms ===
[2026-04-25T00:56:25.747322]   Testing hybrid for: optimization
[2026-04-25T00:56:25.747349]   Testing hybrid for: search
[2026-04-25T00:56:25.747376]   Testing hybrid for: simulation
[2026-04-25T00:56:25.747402]   Testing hybrid for: machine_learning
[2026-04-25T00:56:25.747430] === Experiment: streaming_reasoning ===
[2026-04-25T00:56:25.747460] === Research Complete: 5 experiments ===
[2026-04-25T13:30:11.405896] === AI Research Lab Cycle ===
[2026-04-25T13:30:11.407192] === Experiment: agent_memory_retrieval ===
[2026-04-25T13:30:11.407232]   Testing: semantic retrieval
[2026-04-25T13:30:11.407265]   Testing: keyword retrieval
[2026-04-25T13:30:11.407294]   Testing: hybrid retrieval
[2026-04-25T13:30:11.407321]   Testing: recent retrieval
[2026-04-25T13:30:11.407350] === Experiment: code_generation_quality ===
[2026-04-25T13:30:11.407378]   Generating code for: Write a function that counts word frequency in text
[2026-04-25T13:30:11.407409] === Experiment: model_routing_decisions ===
[2026-04-25T13:30:11.407438] === Experiment: hybrid_quantum_algorithms ===
[2026-04-25T13:30:11.407464]   Testing hybrid for: optimization
[2026-04-25T13:30:11.407491]   Testing hybrid for: search
[2026-04-25T13:30:11.407517]   Testing hybrid for: simulation
[2026-04-25T13:30:11.407542]   Testing hybrid for: machine_learning
[2026-04-25T13:30:11.407569] === Experiment: streaming_reasoning ===
[2026-04-25T13:30:11.407599] === Research Complete: 5 experiments ===
[2026-04-26T01:52:37.781921] === AI Research Lab Cycle ===
[2026-04-26T01:52:37.782002] === Experiment: agent_memory_retrieval ===
[2026-04-26T01:52:37.782035]   Testing: semantic retrieval
[2026-04-26T01:52:37.782065]   Testing: keyword retrieval
[2026-04-26T01:52:37.782094]   Testing: hybrid retrieval
[2026-04-26T01:52:37.782121]   Testing: recent retrieval
[2026-04-26T01:52:37.782152] === Experiment: code_generation_quality ===
[2026-04-26T01:52:37.782180]   Generating code for: Write a function that counts word frequency in text
[2026-04-26T01:52:37.782211] === Experiment: model_routing_decisions ===
[2026-04-26T01:52:37.782241] === Experiment: hybrid_quantum_algorithms ===
[2026-04-26T01:52:37.782268]   Testing hybrid for: optimization
[2026-04-26T01:52:37.782294]   Testing hybrid for: search
[2026-04-26T01:52:37.782321]   Testing hybrid for: simulation
[2026-04-26T01:52:37.782346]   Testing hybrid for: machine_learning
[2026-04-26T01:52:37.782374] === Experiment: streaming_reasoning ===
[2026-04-26T01:52:37.782404] === Research Complete: 5 experiments ===
[2026-04-26T13:59:22.325279] === AI Research Lab Cycle ===
[2026-04-26T13:59:22.325620] === Experiment: agent_memory_retrieval ===
[2026-04-26T13:59:22.325660]   Testing: semantic retrieval
[2026-04-26T13:59:22.325693]   Testing: keyword retrieval
[2026-04-26T13:59:22.325721]   Testing: hybrid retrieval
[2026-04-26T13:59:22.325749]   Testing: recent retrieval
[2026-04-26T13:59:22.325778] === Experiment: code_generation_quality ===
[2026-04-26T13:59:22.325807]   Generating code for: Write a function that counts word frequency in text
[2026-04-26T13:59:22.325838] === Experiment: model_routing_decisions ===
[2026-04-26T13:59:22.325902] === Experiment: hybrid_quantum_algorithms ===
[2026-04-26T13:59:22.325935]   Testing hybrid for: optimization
[2026-04-26T13:59:22.325963]   Testing hybrid for: search
[2026-04-26T13:59:22.325989]   Testing hybrid for: simulation
[2026-04-26T13:59:22.326015]   Testing hybrid for: machine_learning
[2026-04-26T13:59:22.326043] === Experiment: streaming_reasoning ===
[2026-04-26T13:59:22.326073] === Research Complete: 5 experiments ===
[2026-04-27T02:46:40.288954] === AI Research Lab Cycle ===
[2026-04-27T02:46:40.289251] === Experiment: agent_memory_retrieval ===
[2026-04-27T02:46:40.289291]   Testing: semantic retrieval
[2026-04-27T02:46:40.289322]   Testing: keyword retrieval
[2026-04-27T02:46:40.289351]   Testing: hybrid retrieval
[2026-04-27T02:46:40.289379]   Testing: recent retrieval
[2026-04-27T02:46:40.289409] === Experiment: code_generation_quality ===
[2026-04-27T02:46:40.289438]   Generating code for: Write a function that counts word frequency in text
[2026-04-27T02:46:40.289469] === Experiment: model_routing_decisions ===
[2026-04-27T02:46:40.289500] === Experiment: hybrid_quantum_algorithms ===
[2026-04-27T02:46:40.289527]   Testing hybrid for: optimization
[2026-04-27T02:46:40.289554]   Testing hybrid for: search
[2026-04-27T02:46:40.289581]   Testing hybrid for: simulation
[2026-04-27T02:46:40.289616]   Testing hybrid for: machine_learning
[2026-04-27T02:46:40.289642] === Experiment: streaming_reasoning ===
[2026-04-27T02:46:40.289670] === Research Complete: 5 experiments ===
[2026-04-28T03:48:06.085646] === AI Research Lab Cycle ===
[2026-04-28T03:48:06.085747] === Experiment: agent_memory_retrieval ===
[2026-04-28T03:48:06.085782]   Testing: semantic retrieval
[2026-04-28T03:48:06.085813]   Testing: keyword retrieval
[2026-04-28T03:48:06.085842]   Testing: hybrid retrieval
[2026-04-28T03:48:06.085871]   Testing: recent retrieval
[2026-04-28T03:48:06.085902] === Experiment: code_generation_quality ===
[2026-04-28T03:48:06.085931]   Generating code for: Write a function that counts word frequency in text
[2026-04-28T03:48:06.085963] === Experiment: model_routing_decisions ===
[2026-04-28T03:48:06.086023] === Experiment: hybrid_quantum_algorithms ===
[2026-04-28T03:48:06.086071]   Testing hybrid for: optimization
[2026-04-28T03:48:06.086104]   Testing hybrid for: search
[2026-04-28T03:48:06.086133]   Testing hybrid for: simulation
[2026-04-28T03:48:06.086160]   Testing hybrid for: machine_learning
[2026-04-28T03:48:06.086189] === Experiment: streaming_reasoning ===
[2026-04-28T03:48:06.086222] === Research Complete: 5 experiments ===
[2026-04-28T16:21:35.777298] === AI Research Lab Cycle ===
[2026-04-28T16:21:35.777387] === Experiment: agent_memory_retrieval ===
[2026-04-28T16:21:35.777421]   Testing: semantic retrieval
[2026-04-28T16:21:35.777453]   Testing: keyword retrieval
[2026-04-28T16:21:35.777492]   Testing: hybrid retrieval
[2026-04-28T16:21:35.777545]   Testing: recent retrieval
[2026-04-28T16:21:35.777597] === Experiment: code_generation_quality ===
[2026-04-28T16:21:35.777629]   Generating code for: Write a function that counts word frequency in text
[2026-04-28T16:21:35.777662] === Experiment: model_routing_decisions ===
[2026-04-28T16:21:35.777691] === Experiment: hybrid_quantum_algorithms ===
[2026-04-28T16:21:35.777718]   Testing hybrid for: optimization
[2026-04-28T16:21:35.777745]   Testing hybrid for: search
[2026-04-28T16:21:35.777772]   Testing hybrid for: simulation
[2026-04-28T16:21:35.777818]   Testing hybrid for: machine_learning
[2026-04-28T16:21:35.777877] === Experiment: streaming_reasoning ===
[2026-04-28T16:21:35.777922] === Research Complete: 5 experiments ===
